<?xml version="1.0" encoding="UTF-8"?>
<testsuites>
  <testsuite name="ci_calculation" timestamp="2024-08-07T07:30:55Z" hostname="7fa32127e3c8" tests="7" skipped="0" failures="0" errors="0" time="0.127">
    <testcase time="0.0249999999999999" classname="ci_calculation" name="calculate_diff_bin_function_test_Test_for_deriving_mean_difference_and_associated_confidence_intervals_for_binary_outcomes"/>
    <testcase time="0.0310000000000001" classname="ci_calculation" name="calculate_log_rel_risk_bin_Test_for_deriving_log_relative_risk_and_associated_confidence_intervals_"/>
    <testcase time="0.02" classname="ci_calculation" name="calculate_rel_risk_bin_Test_for_deriving_relative_risk_and_associated_confidence_intervals_"/>
    <testcase time="0.0129999999999999" classname="ci_calculation" name="calculate_log_odds_ratio_bin_Test_for_deriving_log_odds_ratio_and_associated_confidence_intervals_"/>
    <testcase time="0.0129999999999999" classname="ci_calculation" name="calculate_odds_ratio_bin_Test_for_deriving_odds_ratio_and_associated_confidence_intervals_"/>
    <testcase time="0.012" classname="ci_calculation" name="calculate_diff_con_function_test_Test_for_deriving_mean_difference_and_associated_confidence_intervals_for_continuous_outcomes"/>
    <testcase time="0.0129999999999999" classname="ci_calculation" name="calculate_diff_rates_function_test_Test_for_deriving_mean_difference_and_associated_confidence_intervals_for_exposure_adjusted_rates"/>
  </testsuite>
  <testsuite name="correlogram" timestamp="2024-08-07T07:30:55Z" hostname="7fa32127e3c8" tests="33" skipped="0" failures="0" errors="0" time="2.445">
    <testcase time="0.475" classname="correlogram" name="create_correlogram_will_ouput_a_ggplot_object"/>
    <testcase time="0.0179999999999998" classname="correlogram" name="create_correlogram_will_ouput_a_ggplot_object"/>
    <testcase time="0.0180000000000002" classname="correlogram" name="create_correlogram_will_ouput_a_ggplot_object"/>
    <testcase time="0.0169999999999999" classname="correlogram" name="create_correlogram_will_ouput_a_ggplot_object"/>
    <testcase time="0.0169999999999999" classname="correlogram" name="create_correlogram_will_ouput_a_ggplot_object"/>
    <testcase time="0.0180000000000002" classname="correlogram" name="create_correlogram_will_ouput_a_ggplot_object"/>
    <testcase time="0.0169999999999999" classname="correlogram" name="create_correlogram_will_ouput_a_ggplot_object"/>
    <testcase time="0.0609999999999999" classname="correlogram" name="create_correlogram_will_ouput_a_ggplot_object"/>
    <testcase time="0.405" classname="correlogram" name="create_correlogram_will_return_a_custom_warning_message_concerning_missing_data"/>
    <testcase time="0.0179999999999998" classname="correlogram" name="create_correlogram_will_return_a_custom_warning_message_concerning_missing_data"/>
    <testcase time="0.0169999999999999" classname="correlogram" name="create_correlogram_will_return_a_custom_warning_message_concerning_missing_data"/>
    <testcase time="0.0230000000000001" classname="correlogram" name="create_correlogram_will_return_a_custom_warning_message_concerning_missing_data"/>
    <testcase time="0.0180000000000002" classname="correlogram" name="create_correlogram_will_return_a_custom_warning_message_concerning_missing_data"/>
    <testcase time="0.0179999999999998" classname="correlogram" name="create_correlogram_will_return_a_custom_warning_message_concerning_missing_data"/>
    <testcase time="0.0169999999999999" classname="correlogram" name="create_correlogram_will_return_a_custom_warning_message_concerning_missing_data"/>
    <testcase time="0.036" classname="correlogram" name="create_correlogram_will_return_a_custom_warning_message_concerning_missing_data"/>
    <testcase time="0.00800000000000001" classname="correlogram" name="create_correlogram_will_return_a_ggplot_object_with_missing_data"/>
    <testcase time="0.402" classname="correlogram" name="create_correlogram_will_return_a_ggplot_object_with_missing_data"/>
    <testcase time="0.0169999999999999" classname="correlogram" name="create_correlogram_will_return_a_ggplot_object_with_missing_data"/>
    <testcase time="0.0169999999999999" classname="correlogram" name="create_correlogram_will_return_a_ggplot_object_with_missing_data"/>
    <testcase time="0.0169999999999999" classname="correlogram" name="create_correlogram_will_return_a_ggplot_object_with_missing_data"/>
    <testcase time="0.0180000000000002" classname="correlogram" name="create_correlogram_will_return_a_ggplot_object_with_missing_data"/>
    <testcase time="0.0170000000000003" classname="correlogram" name="create_correlogram_will_return_a_ggplot_object_with_missing_data"/>
    <testcase time="0.0169999999999995" classname="correlogram" name="create_correlogram_will_return_a_ggplot_object_with_missing_data"/>
    <testcase time="0.0369999999999999" classname="correlogram" name="create_correlogram_will_return_a_ggplot_object_with_missing_data"/>
    <testcase time="0.00800000000000001" classname="correlogram" name="create_correlogram_will_return_an_error_and_custom_message_if_there_is_only_one_column_in_the_dataframe"/>
    <testcase time="0.0449999999999999" classname="correlogram" name="create_correlogram_correctly_calculates_correlations_for_continuous_variables"/>
    <testcase time="0.0760000000000005" classname="correlogram" name="create_correlogram_correctly_calculates_correlations_for_binary_variables"/>
    <testcase time="0.13" classname="correlogram" name="create_correlogram_correctly_calculates_correlations_for_continuous_binary_combinations_of_variables"/>
    <testcase time="0.0409999999999995" classname="correlogram" name="create_correlogram_correctly_calculates_correlations_for_ordinal_variables"/>
    <testcase time="0.12" classname="correlogram" name="create_correlogram_correctly_calculates_correlations_for_continuous_ordinal_combinations_of_variables"/>
    <testcase time="0.272" classname="correlogram" name="create_correlogram_correctly_calculates_correlations_for_ordinal_binary_combinations_of_variables"/>
    <testcase time="0.00999999999999979" classname="correlogram" name="create_correlogram_will_return_an_error_and_custom_message_if_there_is_a_character_formatted_variable_in_the_dataframe"/>
  </testsuite>
  <testsuite name="cumulative_excess_plot" timestamp="2024-08-07T07:30:58Z" hostname="7fa32127e3c8" tests="124" skipped="0" failures="0" errors="0" time="3.396">
    <testcase time="0.234" classname="cumulative_excess_plot" name="gensurv_table_will_ouput_a_ggplot_object"/>
    <testcase time="0.0250000000000004" classname="cumulative_excess_plot" name="gensurv_table_will_ouput_a_ggplot_object"/>
    <testcase time="0.0170000000000003" classname="cumulative_excess_plot" name="gensurv_table_will_ouput_a_ggplot_object"/>
    <testcase time="0.0169999999999995" classname="cumulative_excess_plot" name="gensurv_table_will_ouput_a_ggplot_object"/>
    <testcase time="0.0179999999999998" classname="cumulative_excess_plot" name="gensurv_table_will_ouput_a_ggplot_object"/>
    <testcase time="0.0170000000000003" classname="cumulative_excess_plot" name="gensurv_table_will_ouput_a_ggplot_object"/>
    <testcase time="0.0179999999999998" classname="cumulative_excess_plot" name="gensurv_table_will_ouput_a_ggplot_object"/>
    <testcase time="0.0170000000000003" classname="cumulative_excess_plot" name="gensurv_table_will_ouput_a_ggplot_object"/>
    <testcase time="0.00499999999999989" classname="cumulative_excess_plot" name="gensurv_table_will_ouput_a_ggplot_object"/>
    <testcase time="0.00900000000000034" classname="cumulative_excess_plot" name="gensurv_table_expects_an_error_when_df_table_is_missing_required_variables"/>
    <testcase time="0.00899999999999945" classname="cumulative_excess_plot" name="gensurv_table_expects_an_error_when_df_table_has_misnamed_variables"/>
    <testcase time="0.0380000000000003" classname="cumulative_excess_plot" name="gensurv_table_will_return_a_custom_warning_message_concerning_missing_data"/>
    <testcase time="0.024" classname="cumulative_excess_plot" name="gensurv_table_will_return_a_custom_warning_message_concerning_missing_data"/>
    <testcase time="0.0179999999999998" classname="cumulative_excess_plot" name="gensurv_table_will_return_a_custom_warning_message_concerning_missing_data"/>
    <testcase time="0.0170000000000003" classname="cumulative_excess_plot" name="gensurv_table_will_return_a_custom_warning_message_concerning_missing_data"/>
    <testcase time="0.0179999999999998" classname="cumulative_excess_plot" name="gensurv_table_will_return_a_custom_warning_message_concerning_missing_data"/>
    <testcase time="0.0170000000000003" classname="cumulative_excess_plot" name="gensurv_table_will_return_a_custom_warning_message_concerning_missing_data"/>
    <testcase time="0.0179999999999998" classname="cumulative_excess_plot" name="gensurv_table_will_return_a_custom_warning_message_concerning_missing_data"/>
    <testcase time="0.0169999999999995" classname="cumulative_excess_plot" name="gensurv_table_will_return_a_custom_warning_message_concerning_missing_data"/>
    <testcase time="0.00400000000000045" classname="cumulative_excess_plot" name="gensurv_table_will_return_a_custom_warning_message_concerning_missing_data"/>
    <testcase time="0.00900000000000034" classname="cumulative_excess_plot" name="gensurv_table_will_return_a_visible_object_with_missing_data"/>
    <testcase time="0.0249999999999995" classname="cumulative_excess_plot" name="gensurv_table_will_return_a_visible_object_with_missing_data"/>
    <testcase time="0.0229999999999997" classname="cumulative_excess_plot" name="gensurv_table_will_return_a_visible_object_with_missing_data"/>
    <testcase time="0.0230000000000006" classname="cumulative_excess_plot" name="gensurv_table_will_return_a_visible_object_with_missing_data"/>
    <testcase time="0.0179999999999998" classname="cumulative_excess_plot" name="gensurv_table_will_return_a_visible_object_with_missing_data"/>
    <testcase time="0.0170000000000003" classname="cumulative_excess_plot" name="gensurv_table_will_return_a_visible_object_with_missing_data"/>
    <testcase time="0.0179999999999998" classname="cumulative_excess_plot" name="gensurv_table_will_return_a_visible_object_with_missing_data"/>
    <testcase time="0.0170000000000003" classname="cumulative_excess_plot" name="gensurv_table_will_return_a_visible_object_with_missing_data"/>
    <testcase time="0.0169999999999995" classname="cumulative_excess_plot" name="gensurv_table_will_return_a_visible_object_with_missing_data"/>
    <testcase time="0.00400000000000045" classname="cumulative_excess_plot" name="gensurv_table_will_return_a_visible_object_with_missing_data"/>
    <testcase time="0.04" classname="cumulative_excess_plot" name="gensurv_plot_will_ouput_a_visible_object"/>
    <testcase time="0.0279999999999996" classname="cumulative_excess_plot" name="gensurv_plot_will_ouput_a_visible_object"/>
    <testcase time="0.0209999999999999" classname="cumulative_excess_plot" name="gensurv_plot_will_ouput_a_visible_object"/>
    <testcase time="0.0170000000000003" classname="cumulative_excess_plot" name="gensurv_plot_will_ouput_a_visible_object"/>
    <testcase time="0.0229999999999997" classname="cumulative_excess_plot" name="gensurv_plot_will_ouput_a_visible_object"/>
    <testcase time="0.0179999999999998" classname="cumulative_excess_plot" name="gensurv_plot_will_ouput_a_visible_object"/>
    <testcase time="0.0170000000000003" classname="cumulative_excess_plot" name="gensurv_plot_will_ouput_a_visible_object"/>
    <testcase time="0.0179999999999998" classname="cumulative_excess_plot" name="gensurv_plot_will_ouput_a_visible_object"/>
    <testcase time="0.0200000000000005" classname="cumulative_excess_plot" name="gensurv_plot_will_ouput_a_visible_object"/>
    <testcase time="0.00199999999999978" classname="cumulative_excess_plot" name="gensurv_plot_will_ouput_a_visible_object"/>
    <testcase time="0.00900000000000034" classname="cumulative_excess_plot" name="gensurv_plot_expects_an_error_when_df_outcome_is_missing_required_variables"/>
    <testcase time="0.00899999999999945" classname="cumulative_excess_plot" name="gensurv_plot_expects_an_error_when_df_outcome_has_misnamed_variables"/>
    <testcase time="0.0410000000000004" classname="cumulative_excess_plot" name="gensurv_plot_will_return_a_custom_warning_concerning_missing_data"/>
    <testcase time="0.0219999999999994" classname="cumulative_excess_plot" name="gensurv_plot_will_return_a_custom_warning_concerning_missing_data"/>
    <testcase time="0.0190000000000001" classname="cumulative_excess_plot" name="gensurv_plot_will_return_a_custom_warning_concerning_missing_data"/>
    <testcase time="0.0180000000000007" classname="cumulative_excess_plot" name="gensurv_plot_will_return_a_custom_warning_concerning_missing_data"/>
    <testcase time="0.0229999999999997" classname="cumulative_excess_plot" name="gensurv_plot_will_return_a_custom_warning_concerning_missing_data"/>
    <testcase time="0.0179999999999998" classname="cumulative_excess_plot" name="gensurv_plot_will_return_a_custom_warning_concerning_missing_data"/>
    <testcase time="0.0170000000000003" classname="cumulative_excess_plot" name="gensurv_plot_will_return_a_custom_warning_concerning_missing_data"/>
    <testcase time="0.0179999999999998" classname="cumulative_excess_plot" name="gensurv_plot_will_return_a_custom_warning_concerning_missing_data"/>
    <testcase time="0.0190000000000001" classname="cumulative_excess_plot" name="gensurv_plot_will_return_a_custom_warning_concerning_missing_data"/>
    <testcase time="0.00300000000000011" classname="cumulative_excess_plot" name="gensurv_plot_will_return_a_custom_warning_concerning_missing_data"/>
    <testcase time="0.00899999999999945" classname="cumulative_excess_plot" name="gensurv_plot_will_return_a_visible_object_with_missing_data"/>
    <testcase time="0.0340000000000007" classname="cumulative_excess_plot" name="gensurv_plot_will_return_a_visible_object_with_missing_data"/>
    <testcase time="0.0219999999999994" classname="cumulative_excess_plot" name="gensurv_plot_will_return_a_visible_object_with_missing_data"/>
    <testcase time="0.0170000000000003" classname="cumulative_excess_plot" name="gensurv_plot_will_return_a_visible_object_with_missing_data"/>
    <testcase time="0.0179999999999998" classname="cumulative_excess_plot" name="gensurv_plot_will_return_a_visible_object_with_missing_data"/>
    <testcase time="0.0179999999999998" classname="cumulative_excess_plot" name="gensurv_plot_will_return_a_visible_object_with_missing_data"/>
    <testcase time="0.0220000000000002" classname="cumulative_excess_plot" name="gensurv_plot_will_return_a_visible_object_with_missing_data"/>
    <testcase time="0.0179999999999998" classname="cumulative_excess_plot" name="gensurv_plot_will_return_a_visible_object_with_missing_data"/>
    <testcase time="0.0180000000000007" classname="cumulative_excess_plot" name="gensurv_plot_will_return_a_visible_object_with_missing_data"/>
    <testcase time="0.0189999999999992" classname="cumulative_excess_plot" name="gensurv_plot_will_return_a_visible_object_with_missing_data"/>
    <testcase time="0.00300000000000011" classname="cumulative_excess_plot" name="gensurv_plot_will_return_a_visible_object_with_missing_data"/>
    <testcase time="0.0390000000000006" classname="cumulative_excess_plot" name="gensurv_combined_will_output_a_visible_object"/>
    <testcase time="0.0219999999999994" classname="cumulative_excess_plot" name="gensurv_combined_will_output_a_visible_object"/>
    <testcase time="0.0170000000000003" classname="cumulative_excess_plot" name="gensurv_combined_will_output_a_visible_object"/>
    <testcase time="0.0179999999999998" classname="cumulative_excess_plot" name="gensurv_combined_will_output_a_visible_object"/>
    <testcase time="0.0179999999999998" classname="cumulative_excess_plot" name="gensurv_combined_will_output_a_visible_object"/>
    <testcase time="0.0180000000000007" classname="cumulative_excess_plot" name="gensurv_combined_will_output_a_visible_object"/>
    <testcase time="0.0229999999999997" classname="cumulative_excess_plot" name="gensurv_combined_will_output_a_visible_object"/>
    <testcase time="0.0179999999999998" classname="cumulative_excess_plot" name="gensurv_combined_will_output_a_visible_object"/>
    <testcase time="0.0200000000000005" classname="cumulative_excess_plot" name="gensurv_combined_will_output_a_visible_object"/>
    <testcase time="0.0279999999999996" classname="cumulative_excess_plot" name="gensurv_combined_will_output_a_visible_object"/>
    <testcase time="0.024" classname="cumulative_excess_plot" name="gensurv_combined_will_output_a_visible_object"/>
    <testcase time="0.0179999999999998" classname="cumulative_excess_plot" name="gensurv_combined_will_output_a_visible_object"/>
    <testcase time="0.0170000000000003" classname="cumulative_excess_plot" name="gensurv_combined_will_output_a_visible_object"/>
    <testcase time="0.0179999999999998" classname="cumulative_excess_plot" name="gensurv_combined_will_output_a_visible_object"/>
    <testcase time="0.0170000000000003" classname="cumulative_excess_plot" name="gensurv_combined_will_output_a_visible_object"/>
    <testcase time="0.0179999999999998" classname="cumulative_excess_plot" name="gensurv_combined_will_output_a_visible_object"/>
    <testcase time="0.0190000000000001" classname="cumulative_excess_plot" name="gensurv_combined_will_output_a_visible_object"/>
    <testcase time="0.311" classname="cumulative_excess_plot" name="gensurv_combined_will_output_a_visible_object"/>
    <testcase time="0.00900000000000034" classname="cumulative_excess_plot" name="gensurv_combined_expects_an_error_when_df_table_and_df_plot_are_missing_required_variables"/>
    <testcase time="0.00800000000000001" classname="cumulative_excess_plot" name="gensurv_table_expects_an_error_when_df_table_and_df_plot_have_misnamed_variables"/>
    <testcase time="0.0419999999999998" classname="cumulative_excess_plot" name="gensurv_combined_will_return_a_custom_warning_concerning_missing_data"/>
    <testcase time="0.0220000000000002" classname="cumulative_excess_plot" name="gensurv_combined_will_return_a_custom_warning_concerning_missing_data"/>
    <testcase time="0.0170000000000003" classname="cumulative_excess_plot" name="gensurv_combined_will_return_a_custom_warning_concerning_missing_data"/>
    <testcase time="0.0179999999999998" classname="cumulative_excess_plot" name="gensurv_combined_will_return_a_custom_warning_concerning_missing_data"/>
    <testcase time="0.0179999999999998" classname="cumulative_excess_plot" name="gensurv_combined_will_return_a_custom_warning_concerning_missing_data"/>
    <testcase time="0.0250000000000004" classname="cumulative_excess_plot" name="gensurv_combined_will_return_a_custom_warning_concerning_missing_data"/>
    <testcase time="0.0179999999999998" classname="cumulative_excess_plot" name="gensurv_combined_will_return_a_custom_warning_concerning_missing_data"/>
    <testcase time="0.0190000000000001" classname="cumulative_excess_plot" name="gensurv_combined_will_return_a_custom_warning_concerning_missing_data"/>
    <testcase time="0.0190000000000001" classname="cumulative_excess_plot" name="gensurv_combined_will_return_a_custom_warning_concerning_missing_data"/>
    <testcase time="0.00800000000000001" classname="cumulative_excess_plot" name="gensurv_combined_will_return_a_custom_warning_concerning_missing_data"/>
    <testcase time="0.0259999999999998" classname="cumulative_excess_plot" name="gensurv_combined_will_return_a_custom_warning_concerning_missing_data"/>
    <testcase time="0.024" classname="cumulative_excess_plot" name="gensurv_combined_will_return_a_custom_warning_concerning_missing_data"/>
    <testcase time="0.0179999999999998" classname="cumulative_excess_plot" name="gensurv_combined_will_return_a_custom_warning_concerning_missing_data"/>
    <testcase time="0.0179999999999998" classname="cumulative_excess_plot" name="gensurv_combined_will_return_a_custom_warning_concerning_missing_data"/>
    <testcase time="0.0180000000000007" classname="cumulative_excess_plot" name="gensurv_combined_will_return_a_custom_warning_concerning_missing_data"/>
    <testcase time="0.0179999999999998" classname="cumulative_excess_plot" name="gensurv_combined_will_return_a_custom_warning_concerning_missing_data"/>
    <testcase time="0.0709999999999997" classname="cumulative_excess_plot" name="gensurv_combined_will_return_a_custom_warning_concerning_missing_data"/>
    <testcase time="0.0179999999999998" classname="cumulative_excess_plot" name="gensurv_combined_will_return_a_custom_warning_concerning_missing_data"/>
    <testcase time="0.245" classname="cumulative_excess_plot" name="gensurv_combined_will_return_a_custom_warning_concerning_missing_data"/>
    <testcase time="0.105" classname="cumulative_excess_plot" name="gensurv_combined_will_return_a_custom_warning_concerning_missing_data"/>
    <testcase time="0.00999999999999979" classname="cumulative_excess_plot" name="gensurv_combined_will_return_a_visible_object_with_missing_data"/>
    <testcase time="0.0410000000000004" classname="cumulative_excess_plot" name="gensurv_combined_will_return_a_visible_object_with_missing_data"/>
    <testcase time="0.0219999999999994" classname="cumulative_excess_plot" name="gensurv_combined_will_return_a_visible_object_with_missing_data"/>
    <testcase time="0.0180000000000007" classname="cumulative_excess_plot" name="gensurv_combined_will_return_a_visible_object_with_missing_data"/>
    <testcase time="0.0189999999999992" classname="cumulative_excess_plot" name="gensurv_combined_will_return_a_visible_object_with_missing_data"/>
    <testcase time="0.0180000000000007" classname="cumulative_excess_plot" name="gensurv_combined_will_return_a_visible_object_with_missing_data"/>
    <testcase time="0.0179999999999998" classname="cumulative_excess_plot" name="gensurv_combined_will_return_a_visible_object_with_missing_data"/>
    <testcase time="0.0179999999999998" classname="cumulative_excess_plot" name="gensurv_combined_will_return_a_visible_object_with_missing_data"/>
    <testcase time="0.0179999999999998" classname="cumulative_excess_plot" name="gensurv_combined_will_return_a_visible_object_with_missing_data"/>
    <testcase time="0.0200000000000005" classname="cumulative_excess_plot" name="gensurv_combined_will_return_a_visible_object_with_missing_data"/>
    <testcase time="0.00699999999999967" classname="cumulative_excess_plot" name="gensurv_combined_will_return_a_visible_object_with_missing_data"/>
    <testcase time="0.0300000000000002" classname="cumulative_excess_plot" name="gensurv_combined_will_return_a_visible_object_with_missing_data"/>
    <testcase time="0.0259999999999998" classname="cumulative_excess_plot" name="gensurv_combined_will_return_a_visible_object_with_missing_data"/>
    <testcase time="0.0179999999999998" classname="cumulative_excess_plot" name="gensurv_combined_will_return_a_visible_object_with_missing_data"/>
    <testcase time="0.0190000000000001" classname="cumulative_excess_plot" name="gensurv_combined_will_return_a_visible_object_with_missing_data"/>
    <testcase time="0.0180000000000007" classname="cumulative_excess_plot" name="gensurv_combined_will_return_a_visible_object_with_missing_data"/>
    <testcase time="0.0179999999999998" classname="cumulative_excess_plot" name="gensurv_combined_will_return_a_visible_object_with_missing_data"/>
    <testcase time="0.0169999999999995" classname="cumulative_excess_plot" name="gensurv_combined_will_return_a_visible_object_with_missing_data"/>
    <testcase time="0.0180000000000007" classname="cumulative_excess_plot" name="gensurv_combined_will_return_a_visible_object_with_missing_data"/>
    <testcase time="0.126" classname="cumulative_excess_plot" name="gensurv_combined_will_return_a_visible_object_with_missing_data"/>
    <testcase time="0.103999999999999" classname="cumulative_excess_plot" name="gensurv_combined_will_return_a_visible_object_with_missing_data"/>
  </testsuite>
  <testsuite name="forest_dot_plot_utils" timestamp="2024-08-07T07:31:01Z" hostname="7fa32127e3c8" tests="9" skipped="0" failures="0" errors="0" time="0.179">
    <testcase time="0.0280000000000005" classname="forest_dot_plot_utils" name="generate_fig_lft_returns_a_ggplot_object"/>
    <testcase time="0.0339999999999989" classname="forest_dot_plot_utils" name="generate_fig_lft_returns_a_ggplot_object"/>
    <testcase time="0.0340000000000007" classname="forest_dot_plot_utils" name="generate_fig_lft_returns_a_ggplot_object"/>
    <testcase time="0.00300000000000011" classname="forest_dot_plot_utils" name="generate_fig_lft_returns_a_ggplot_object"/>
    <testcase time="0.0239999999999991" classname="forest_dot_plot_utils" name="generate_fig_rft_returns_a_ggplot_object"/>
    <testcase time="0.0200000000000014" classname="forest_dot_plot_utils" name="generate_fig_rft_returns_a_ggplot_object"/>
    <testcase time="0.0309999999999988" classname="forest_dot_plot_utils" name="generate_fig_rft_returns_a_ggplot_object"/>
    <testcase time="0.00300000000000011" classname="forest_dot_plot_utils" name="generate_fig_rft_returns_a_ggplot_object"/>
    <testcase time="0.00200000000000067" classname="forest_dot_plot_utils" name="generate_fig_rft_returns_a_ggplot_object"/>
  </testsuite>
  <testsuite name="line_chart" timestamp="2024-08-07T07:31:01Z" hostname="7fa32127e3c8" tests="26" skipped="0" failures="0" errors="0" time="0.532">
    <testcase time="0.0399999999999991" classname="line_chart" name="line_chart_will_ouput_a_ggplot_object"/>
    <testcase time="0.048" classname="line_chart" name="line_chart_will_ouput_a_ggplot_object"/>
    <testcase time="0.0190000000000001" classname="line_chart" name="line_chart_will_ouput_a_ggplot_object"/>
    <testcase time="0.0180000000000007" classname="line_chart" name="line_chart_will_ouput_a_ggplot_object"/>
    <testcase time="0.0169999999999995" classname="line_chart" name="line_chart_will_ouput_a_ggplot_object"/>
    <testcase time="0.0180000000000007" classname="line_chart" name="line_chart_will_ouput_a_ggplot_object"/>
    <testcase time="0.00600000000000023" classname="line_chart" name="line_chart_will_ouput_a_ggplot_object"/>
    <testcase time="0.00900000000000034" classname="line_chart" name="line_chart_expects_an_error_when_data_bands_is_missing_required_variables"/>
    <testcase time="0.00799999999999912" classname="line_chart" name="line_chart_expects_an_error_when_variables_in_data_bands_are_not_of_required_type"/>
    <testcase time="0.00999999999999979" classname="line_chart" name="line_chart_expects_an_error_when_data_lines_has_misnamed_variables"/>
    <testcase time="0.00900000000000034" classname="line_chart" name="line_chart_expects_an_error_when_variables_in_data_lines_are_not_of_required_type"/>
    <testcase time="0.0410000000000004" classname="line_chart" name="line_chart_will_return_a_custom_warning_message_concerning_missing_data"/>
    <testcase time="0.0410000000000004" classname="line_chart" name="line_chart_will_return_a_custom_warning_message_concerning_missing_data"/>
    <testcase time="0.0259999999999998" classname="line_chart" name="line_chart_will_return_a_custom_warning_message_concerning_missing_data"/>
    <testcase time="0.0179999999999989" classname="line_chart" name="line_chart_will_return_a_custom_warning_message_concerning_missing_data"/>
    <testcase time="0.0180000000000007" classname="line_chart" name="line_chart_will_return_a_custom_warning_message_concerning_missing_data"/>
    <testcase time="0.0179999999999989" classname="line_chart" name="line_chart_will_return_a_custom_warning_message_concerning_missing_data"/>
    <testcase time="0.00400000000000134" classname="line_chart" name="line_chart_will_return_a_custom_warning_message_concerning_missing_data"/>
    <testcase time="0.00999999999999979" classname="line_chart" name="line_chart_will_return_a_visible_object_with_missing_data"/>
    <testcase time="0.0280000000000005" classname="line_chart" name="line_chart_will_return_a_visible_object_with_missing_data"/>
    <testcase time="0.0429999999999993" classname="line_chart" name="line_chart_will_return_a_visible_object_with_missing_data"/>
    <testcase time="0.0180000000000007" classname="line_chart" name="line_chart_will_return_a_visible_object_with_missing_data"/>
    <testcase time="0.0179999999999989" classname="line_chart" name="line_chart_will_return_a_visible_object_with_missing_data"/>
    <testcase time="0.0180000000000007" classname="line_chart" name="line_chart_will_return_a_visible_object_with_missing_data"/>
    <testcase time="0.0259999999999998" classname="line_chart" name="line_chart_will_return_a_visible_object_with_missing_data"/>
    <testcase time="0.00300000000000011" classname="line_chart" name="line_chart_will_return_a_visible_object_with_missing_data"/>
  </testsuite>
  <testsuite name="pyramid_chart" timestamp="2024-08-07T07:31:02Z" hostname="7fa32127e3c8" tests="52" skipped="0" failures="0" errors="0" time="1.05">
    <testcase time="0.0389999999999997" classname="pyramid_chart" name="pyramid_chart_returns_a_ggplot_object"/>
    <testcase time="0.0169999999999995" classname="pyramid_chart" name="pyramid_chart_returns_a_ggplot_object"/>
    <testcase time="0.0180000000000007" classname="pyramid_chart" name="pyramid_chart_returns_a_ggplot_object"/>
    <testcase time="0.0180000000000007" classname="pyramid_chart" name="pyramid_chart_returns_a_ggplot_object"/>
    <testcase time="0.0169999999999995" classname="pyramid_chart" name="pyramid_chart_returns_a_ggplot_object"/>
    <testcase time="0.0169999999999995" classname="pyramid_chart" name="pyramid_chart_returns_a_ggplot_object"/>
    <testcase time="0.0310000000000006" classname="pyramid_chart" name="pyramid_chart_returns_a_ggplot_object"/>
    <testcase time="0.0169999999999995" classname="pyramid_chart" name="pyramid_chart_returns_a_ggplot_object"/>
    <testcase time="0.0250000000000004" classname="pyramid_chart" name="pyramid_chart_returns_a_ggplot_object"/>
    <testcase time="0.0180000000000007" classname="pyramid_chart" name="pyramid_chart_returns_a_ggplot_object"/>
    <testcase time="0.0169999999999995" classname="pyramid_chart" name="pyramid_chart_returns_a_ggplot_object"/>
    <testcase time="0.0180000000000007" classname="pyramid_chart" name="pyramid_chart_returns_a_ggplot_object"/>
    <testcase time="0.0139999999999993" classname="pyramid_chart" name="pyramid_chart_returns_a_ggplot_object"/>
    <testcase time="0.0340000000000007" classname="pyramid_chart" name="pyramid_chart_handles_missing_data_correctly"/>
    <testcase time="0.0169999999999995" classname="pyramid_chart" name="pyramid_chart_handles_missing_data_correctly"/>
    <testcase time="0.0169999999999995" classname="pyramid_chart" name="pyramid_chart_handles_missing_data_correctly"/>
    <testcase time="0.0180000000000007" classname="pyramid_chart" name="pyramid_chart_handles_missing_data_correctly"/>
    <testcase time="0.0179999999999989" classname="pyramid_chart" name="pyramid_chart_handles_missing_data_correctly"/>
    <testcase time="0.0240000000000009" classname="pyramid_chart" name="pyramid_chart_handles_missing_data_correctly"/>
    <testcase time="0.0310000000000006" classname="pyramid_chart" name="pyramid_chart_handles_missing_data_correctly"/>
    <testcase time="0.0169999999999995" classname="pyramid_chart" name="pyramid_chart_handles_missing_data_correctly"/>
    <testcase time="0.0190000000000001" classname="pyramid_chart" name="pyramid_chart_handles_missing_data_correctly"/>
    <testcase time="0.0169999999999995" classname="pyramid_chart" name="pyramid_chart_handles_missing_data_correctly"/>
    <testcase time="0.0180000000000007" classname="pyramid_chart" name="pyramid_chart_handles_missing_data_correctly"/>
    <testcase time="0.0169999999999995" classname="pyramid_chart" name="pyramid_chart_handles_missing_data_correctly"/>
    <testcase time="0.0129999999999999" classname="pyramid_chart" name="pyramid_chart_handles_missing_data_correctly"/>
    <testcase time="0.0329999999999995" classname="pyramid_chart" name="pyramid_chart_handles_different_input_types_correctly"/>
    <testcase time="0.0230000000000015" classname="pyramid_chart" name="pyramid_chart_handles_different_input_types_correctly"/>
    <testcase time="0.0189999999999984" classname="pyramid_chart" name="pyramid_chart_handles_different_input_types_correctly"/>
    <testcase time="0.0180000000000007" classname="pyramid_chart" name="pyramid_chart_handles_different_input_types_correctly"/>
    <testcase time="0.0169999999999995" classname="pyramid_chart" name="pyramid_chart_handles_different_input_types_correctly"/>
    <testcase time="0.0180000000000007" classname="pyramid_chart" name="pyramid_chart_handles_different_input_types_correctly"/>
    <testcase time="0.0299999999999994" classname="pyramid_chart" name="pyramid_chart_handles_different_input_types_correctly"/>
    <testcase time="0.0180000000000007" classname="pyramid_chart" name="pyramid_chart_handles_different_input_types_correctly"/>
    <testcase time="0.0180000000000007" classname="pyramid_chart" name="pyramid_chart_handles_different_input_types_correctly"/>
    <testcase time="0.0179999999999989" classname="pyramid_chart" name="pyramid_chart_handles_different_input_types_correctly"/>
    <testcase time="0.0169999999999995" classname="pyramid_chart" name="pyramid_chart_handles_different_input_types_correctly"/>
    <testcase time="0.0230000000000015" classname="pyramid_chart" name="pyramid_chart_handles_different_input_types_correctly"/>
    <testcase time="0.0129999999999999" classname="pyramid_chart" name="pyramid_chart_handles_different_input_types_correctly"/>
    <testcase time="0.0309999999999988" classname="pyramid_chart" name="pyramid_chart_handles_different_input_types_correctly"/>
    <testcase time="0.0180000000000007" classname="pyramid_chart" name="pyramid_chart_handles_different_input_types_correctly"/>
    <testcase time="0.0180000000000007" classname="pyramid_chart" name="pyramid_chart_handles_different_input_types_correctly"/>
    <testcase time="0.0169999999999995" classname="pyramid_chart" name="pyramid_chart_handles_different_input_types_correctly"/>
    <testcase time="0.0180000000000007" classname="pyramid_chart" name="pyramid_chart_handles_different_input_types_correctly"/>
    <testcase time="0.0169999999999995" classname="pyramid_chart" name="pyramid_chart_handles_different_input_types_correctly"/>
    <testcase time="0.0310000000000006" classname="pyramid_chart" name="pyramid_chart_handles_different_input_types_correctly"/>
    <testcase time="0.0169999999999995" classname="pyramid_chart" name="pyramid_chart_handles_different_input_types_correctly"/>
    <testcase time="0.0250000000000004" classname="pyramid_chart" name="pyramid_chart_handles_different_input_types_correctly"/>
    <testcase time="0.0179999999999989" classname="pyramid_chart" name="pyramid_chart_handles_different_input_types_correctly"/>
    <testcase time="0.0170000000000012" classname="pyramid_chart" name="pyramid_chart_handles_different_input_types_correctly"/>
    <testcase time="0.0179999999999989" classname="pyramid_chart" name="pyramid_chart_handles_different_input_types_correctly"/>
    <testcase time="0.0140000000000011" classname="pyramid_chart" name="pyramid_chart_handles_different_input_types_correctly"/>
  </testsuite>
  <testsuite name="scatterplot" timestamp="2024-08-07T07:31:03Z" hostname="7fa32127e3c8" tests="39" skipped="0" failures="0" errors="0" time="0.735">
    <testcase time="0.032" classname="scatterplot" name="scatter_plot_will_ouput_a_ggplot_object"/>
    <testcase time="0.0189999999999984" classname="scatterplot" name="scatter_plot_will_ouput_a_ggplot_object"/>
    <testcase time="0.0200000000000014" classname="scatterplot" name="scatter_plot_will_ouput_a_ggplot_object"/>
    <testcase time="0.0229999999999997" classname="scatterplot" name="scatter_plot_will_ouput_a_ggplot_object"/>
    <testcase time="0.0169999999999995" classname="scatterplot" name="scatter_plot_will_ouput_a_ggplot_object"/>
    <testcase time="0.0250000000000004" classname="scatterplot" name="scatter_plot_will_ouput_a_ggplot_object"/>
    <testcase time="0.0190000000000001" classname="scatterplot" name="scatter_plot_will_ouput_a_ggplot_object"/>
    <testcase time="0.0169999999999995" classname="scatterplot" name="scatter_plot_will_ouput_a_ggplot_object"/>
    <testcase time="0.0180000000000007" classname="scatterplot" name="scatter_plot_will_ouput_a_ggplot_object"/>
    <testcase time="0.0179999999999989" classname="scatterplot" name="scatter_plot_will_ouput_a_ggplot_object"/>
    <testcase time="0.0190000000000001" classname="scatterplot" name="scatter_plot_will_ouput_a_ggplot_object"/>
    <testcase time="0.0120000000000005" classname="scatterplot" name="scatter_plot_will_ouput_a_ggplot_object"/>
    <testcase time="0.00699999999999967" classname="scatterplot" name="scatter_plot_expects_an_error_when_df_diff_is_missing_required_vector_s_"/>
    <testcase time="0.0080000000000009" classname="scatterplot" name="scatter_plot_expects_an_error_when_df_diff_has_two_identical_vectors_of_incremental_probabilities"/>
    <testcase time="0.032" classname="scatterplot" name="scatter_plot_will_return_a_custom_warning_message_concerning_missing_data"/>
    <testcase time="0.0190000000000001" classname="scatterplot" name="scatter_plot_will_return_a_custom_warning_message_concerning_missing_data"/>
    <testcase time="0.0259999999999998" classname="scatterplot" name="scatter_plot_will_return_a_custom_warning_message_concerning_missing_data"/>
    <testcase time="0.0229999999999997" classname="scatterplot" name="scatter_plot_will_return_a_custom_warning_message_concerning_missing_data"/>
    <testcase time="0.0180000000000007" classname="scatterplot" name="scatter_plot_will_return_a_custom_warning_message_concerning_missing_data"/>
    <testcase time="0.0179999999999989" classname="scatterplot" name="scatter_plot_will_return_a_custom_warning_message_concerning_missing_data"/>
    <testcase time="0.0190000000000001" classname="scatterplot" name="scatter_plot_will_return_a_custom_warning_message_concerning_missing_data"/>
    <testcase time="0.0180000000000007" classname="scatterplot" name="scatter_plot_will_return_a_custom_warning_message_concerning_missing_data"/>
    <testcase time="0.0169999999999995" classname="scatterplot" name="scatter_plot_will_return_a_custom_warning_message_concerning_missing_data"/>
    <testcase time="0.0180000000000007" classname="scatterplot" name="scatter_plot_will_return_a_custom_warning_message_concerning_missing_data"/>
    <testcase time="0.0190000000000001" classname="scatterplot" name="scatter_plot_will_return_a_custom_warning_message_concerning_missing_data"/>
    <testcase time="0.00899999999999856" classname="scatterplot" name="scatter_plot_will_return_a_custom_warning_message_concerning_missing_data"/>
    <testcase time="0.0080000000000009" classname="scatterplot" name="scatter_plot_will_return_a_visible_object_with_missing_data"/>
    <testcase time="0.032" classname="scatterplot" name="scatter_plot_will_return_a_visible_object_with_missing_data"/>
    <testcase time="0.0199999999999996" classname="scatterplot" name="scatter_plot_will_return_a_visible_object_with_missing_data"/>
    <testcase time="0.0190000000000001" classname="scatterplot" name="scatter_plot_will_return_a_visible_object_with_missing_data"/>
    <testcase time="0.0229999999999997" classname="scatterplot" name="scatter_plot_will_return_a_visible_object_with_missing_data"/>
    <testcase time="0.0170000000000012" classname="scatterplot" name="scatter_plot_will_return_a_visible_object_with_missing_data"/>
    <testcase time="0.0169999999999995" classname="scatterplot" name="scatter_plot_will_return_a_visible_object_with_missing_data"/>
    <testcase time="0.0169999999999995" classname="scatterplot" name="scatter_plot_will_return_a_visible_object_with_missing_data"/>
    <testcase time="0.0210000000000008" classname="scatterplot" name="scatter_plot_will_return_a_visible_object_with_missing_data"/>
    <testcase time="0.0179999999999989" classname="scatterplot" name="scatter_plot_will_return_a_visible_object_with_missing_data"/>
    <testcase time="0.0240000000000009" classname="scatterplot" name="scatter_plot_will_return_a_visible_object_with_missing_data"/>
    <testcase time="0.0199999999999996" classname="scatterplot" name="scatter_plot_will_return_a_visible_object_with_missing_data"/>
    <testcase time="0.00900000000000034" classname="scatterplot" name="scatter_plot_will_return_a_visible_object_with_missing_data"/>
    <testcase time="1.037" classname="character(0)" name="_unnamed_"/>
    <testcase time="0.91" classname="character(0)" name="_unnamed_"/>
  </testsuite>
  <testsuite name="stacked_barchart" timestamp="2024-08-07T07:31:06Z" hostname="7fa32127e3c8" tests="11" skipped="0" failures="0" errors="0" time="2.112">
    <testcase time="0.00900000000000034" classname="stacked_barchart" name="test_that_stacked_barchart_returns_an_error_when_a_required_field_is_missing"/>
    <testcase time="0.0489999999999995" classname="stacked_barchart" name="test_that_stacked_barchart_returns_warning_message_concerning_missing_data"/>
    <testcase time="0.0180000000000007" classname="stacked_barchart" name="test_that_stacked_barchart_returns_warning_message_concerning_missing_data"/>
    <testcase time="0.0169999999999995" classname="stacked_barchart" name="test_that_stacked_barchart_returns_warning_message_concerning_missing_data"/>
    <testcase time="0.0170000000000012" classname="stacked_barchart" name="test_that_stacked_barchart_returns_warning_message_concerning_missing_data"/>
    <testcase time="0.0169999999999995" classname="stacked_barchart" name="test_that_stacked_barchart_returns_warning_message_concerning_missing_data"/>
    <testcase time="0.0180000000000007" classname="stacked_barchart" name="test_that_stacked_barchart_returns_warning_message_concerning_missing_data"/>
    <testcase time="0.0179999999999989" classname="stacked_barchart" name="test_that_stacked_barchart_returns_warning_message_concerning_missing_data"/>
    <testcase time="0.00200000000000067" classname="stacked_barchart" name="test_that_stacked_barchart_returns_warning_message_concerning_missing_data"/>
  </testsuite>
  <testsuite name="tradeoff_plot" timestamp="2024-08-07T07:31:06Z" hostname="7fa32127e3c8" tests="109" skipped="0" failures="0" errors="0" time="2.713">
    <testcase time="0.0519999999999996" classname="tradeoff_plot" name="test_that_tradeoff_plot_returns_a_ggplot_object_when_benefit_risk_trade_off_threshold_is_a_straight_line"/>
    <testcase time="0.0370000000000008" classname="tradeoff_plot" name="test_that_tradeoff_plot_returns_a_ggplot_object_when_benefit_risk_trade_off_threshold_is_a_straight_line"/>
    <testcase time="0.0379999999999985" classname="tradeoff_plot" name="test_that_tradeoff_plot_returns_a_ggplot_object_when_benefit_risk_trade_off_threshold_is_a_straight_line"/>
    <testcase time="0.0210000000000008" classname="tradeoff_plot" name="test_that_tradeoff_plot_returns_a_ggplot_object_when_benefit_risk_trade_off_threshold_is_a_straight_line"/>
    <testcase time="0.0180000000000007" classname="tradeoff_plot" name="test_that_tradeoff_plot_returns_a_ggplot_object_when_benefit_risk_trade_off_threshold_is_a_straight_line"/>
    <testcase time="0.0199999999999996" classname="tradeoff_plot" name="test_that_tradeoff_plot_returns_a_ggplot_object_when_benefit_risk_trade_off_threshold_is_a_straight_line"/>
    <testcase time="0.0169999999999995" classname="tradeoff_plot" name="test_that_tradeoff_plot_returns_a_ggplot_object_when_benefit_risk_trade_off_threshold_is_a_straight_line"/>
    <testcase time="0.027000000000001" classname="tradeoff_plot" name="test_that_tradeoff_plot_returns_a_ggplot_object_when_benefit_risk_trade_off_threshold_is_a_straight_line"/>
    <testcase time="0.0179999999999989" classname="tradeoff_plot" name="test_that_tradeoff_plot_returns_a_ggplot_object_when_benefit_risk_trade_off_threshold_is_a_straight_line"/>
    <testcase time="0.0199999999999996" classname="tradeoff_plot" name="test_that_tradeoff_plot_returns_a_ggplot_object_when_benefit_risk_trade_off_threshold_is_a_straight_line"/>
    <testcase time="0.0170000000000012" classname="tradeoff_plot" name="test_that_tradeoff_plot_returns_a_ggplot_object_when_benefit_risk_trade_off_threshold_is_a_straight_line"/>
    <testcase time="0.0229999999999997" classname="tradeoff_plot" name="test_that_tradeoff_plot_returns_a_ggplot_object_when_benefit_risk_trade_off_threshold_is_a_straight_line"/>
    <testcase time="0.020999999999999" classname="tradeoff_plot" name="test_that_tradeoff_plot_returns_a_ggplot_object_when_benefit_risk_trade_off_threshold_is_a_straight_line"/>
    <testcase time="0.0180000000000007" classname="tradeoff_plot" name="test_that_tradeoff_plot_returns_a_ggplot_object_when_benefit_risk_trade_off_threshold_is_a_straight_line"/>
    <testcase time="0.0199999999999996" classname="tradeoff_plot" name="test_that_tradeoff_plot_returns_a_ggplot_object_when_benefit_risk_trade_off_threshold_is_a_straight_line"/>
    <testcase time="0.0180000000000007" classname="tradeoff_plot" name="test_that_tradeoff_plot_returns_a_ggplot_object_when_benefit_risk_trade_off_threshold_is_a_straight_line"/>
    <testcase time="0.234" classname="tradeoff_plot" name="test_that_tradeoff_plot_returns_a_ggplot_object_when_benefit_risk_trade_off_threshold_is_a_straight_line"/>
    <testcase time="0.0199999999999996" classname="tradeoff_plot" name="test_that_tradeoff_plot_returns_a_ggplot_object_when_benefit_risk_trade_off_threshold_is_a_straight_line"/>
    <testcase time="0.0289999999999999" classname="tradeoff_plot" name="test_that_tradeoff_plot_returns_a_ggplot_object_when_benefit_risk_trade_off_threshold_is_a_straight_line"/>
    <testcase time="0.016" classname="tradeoff_plot" name="test_that_tradeoff_plot_returns_a_ggplot_object_when_benefit_risk_trade_off_threshold_is_a_straight_line"/>
    <testcase time="0.0180000000000007" classname="tradeoff_plot" name="test_that_tradeoff_plot_returns_a_ggplot_object_when_benefit_risk_trade_off_threshold_is_a_straight_line"/>
    <testcase time="0.0169999999999995" classname="tradeoff_plot" name="test_that_tradeoff_plot_returns_a_ggplot_object_when_benefit_risk_trade_off_threshold_is_a_straight_line"/>
    <testcase time="0.016" classname="tradeoff_plot" name="test_that_tradeoff_plot_returns_a_ggplot_object_when_benefit_risk_trade_off_threshold_is_a_straight_line"/>
    <testcase time="0.0170000000000012" classname="tradeoff_plot" name="test_that_tradeoff_plot_returns_a_ggplot_object_when_benefit_risk_trade_off_threshold_is_a_straight_line"/>
    <testcase time="0.00900000000000034" classname="tradeoff_plot" name="test_that_tradeoff_plot_returns_a_ggplot_object_when_benefit_risk_trade_off_threshold_is_a_straight_line"/>
    <testcase time="0.0469999999999988" classname="tradeoff_plot" name="test_that_tradeoff_plot_returns_a_ggplot_object_when_benefit_risk_trade_off_threshold_is_a_smooth_curve"/>
    <testcase time="0.0370000000000008" classname="tradeoff_plot" name="test_that_tradeoff_plot_returns_a_ggplot_object_when_benefit_risk_trade_off_threshold_is_a_smooth_curve"/>
    <testcase time="0.0380000000000003" classname="tradeoff_plot" name="test_that_tradeoff_plot_returns_a_ggplot_object_when_benefit_risk_trade_off_threshold_is_a_smooth_curve"/>
    <testcase time="0.0199999999999996" classname="tradeoff_plot" name="test_that_tradeoff_plot_returns_a_ggplot_object_when_benefit_risk_trade_off_threshold_is_a_smooth_curve"/>
    <testcase time="0.0179999999999989" classname="tradeoff_plot" name="test_that_tradeoff_plot_returns_a_ggplot_object_when_benefit_risk_trade_off_threshold_is_a_smooth_curve"/>
    <testcase time="0.0200000000000014" classname="tradeoff_plot" name="test_that_tradeoff_plot_returns_a_ggplot_object_when_benefit_risk_trade_off_threshold_is_a_smooth_curve"/>
    <testcase time="0.0179999999999989" classname="tradeoff_plot" name="test_that_tradeoff_plot_returns_a_ggplot_object_when_benefit_risk_trade_off_threshold_is_a_smooth_curve"/>
    <testcase time="0.0200000000000014" classname="tradeoff_plot" name="test_that_tradeoff_plot_returns_a_ggplot_object_when_benefit_risk_trade_off_threshold_is_a_smooth_curve"/>
    <testcase time="0.0219999999999985" classname="tradeoff_plot" name="test_that_tradeoff_plot_returns_a_ggplot_object_when_benefit_risk_trade_off_threshold_is_a_smooth_curve"/>
    <testcase time="0.0200000000000014" classname="tradeoff_plot" name="test_that_tradeoff_plot_returns_a_ggplot_object_when_benefit_risk_trade_off_threshold_is_a_smooth_curve"/>
    <testcase time="0.0169999999999995" classname="tradeoff_plot" name="test_that_tradeoff_plot_returns_a_ggplot_object_when_benefit_risk_trade_off_threshold_is_a_smooth_curve"/>
    <testcase time="0.0280000000000005" classname="tradeoff_plot" name="test_that_tradeoff_plot_returns_a_ggplot_object_when_benefit_risk_trade_off_threshold_is_a_smooth_curve"/>
    <testcase time="0.0229999999999997" classname="tradeoff_plot" name="test_that_tradeoff_plot_returns_a_ggplot_object_when_benefit_risk_trade_off_threshold_is_a_smooth_curve"/>
    <testcase time="0.0190000000000001" classname="tradeoff_plot" name="test_that_tradeoff_plot_returns_a_ggplot_object_when_benefit_risk_trade_off_threshold_is_a_smooth_curve"/>
    <testcase time="0.0190000000000001" classname="tradeoff_plot" name="test_that_tradeoff_plot_returns_a_ggplot_object_when_benefit_risk_trade_off_threshold_is_a_smooth_curve"/>
    <testcase time="0.0190000000000001" classname="tradeoff_plot" name="test_that_tradeoff_plot_returns_a_ggplot_object_when_benefit_risk_trade_off_threshold_is_a_smooth_curve"/>
    <testcase time="0.0190000000000001" classname="tradeoff_plot" name="test_that_tradeoff_plot_returns_a_ggplot_object_when_benefit_risk_trade_off_threshold_is_a_smooth_curve"/>
    <testcase time="0.0239999999999991" classname="tradeoff_plot" name="test_that_tradeoff_plot_returns_a_ggplot_object_when_benefit_risk_trade_off_threshold_is_a_smooth_curve"/>
    <testcase time="0.0289999999999999" classname="tradeoff_plot" name="test_that_tradeoff_plot_returns_a_ggplot_object_when_benefit_risk_trade_off_threshold_is_a_smooth_curve"/>
    <testcase time="0.0169999999999995" classname="tradeoff_plot" name="test_that_tradeoff_plot_returns_a_ggplot_object_when_benefit_risk_trade_off_threshold_is_a_smooth_curve"/>
    <testcase time="0.0170000000000012" classname="tradeoff_plot" name="test_that_tradeoff_plot_returns_a_ggplot_object_when_benefit_risk_trade_off_threshold_is_a_smooth_curve"/>
    <testcase time="0.0179999999999989" classname="tradeoff_plot" name="test_that_tradeoff_plot_returns_a_ggplot_object_when_benefit_risk_trade_off_threshold_is_a_smooth_curve"/>
    <testcase time="0.0170000000000012" classname="tradeoff_plot" name="test_that_tradeoff_plot_returns_a_ggplot_object_when_benefit_risk_trade_off_threshold_is_a_smooth_curve"/>
    <testcase time="0.0169999999999995" classname="tradeoff_plot" name="test_that_tradeoff_plot_returns_a_ggplot_object_when_benefit_risk_trade_off_threshold_is_a_smooth_curve"/>
    <testcase time="0.00900000000000034" classname="tradeoff_plot" name="test_that_tradeoff_plot_returns_a_ggplot_object_when_benefit_risk_trade_off_threshold_is_a_smooth_curve"/>
    <testcase time="0.0469999999999988" classname="tradeoff_plot" name="test_that_tradeoff_plot_returns_a_ggplot_object_when_CI_is_calculated"/>
    <testcase time="0.0370000000000008" classname="tradeoff_plot" name="test_that_tradeoff_plot_returns_a_ggplot_object_when_CI_is_calculated"/>
    <testcase time="0.0389999999999997" classname="tradeoff_plot" name="test_that_tradeoff_plot_returns_a_ggplot_object_when_CI_is_calculated"/>
    <testcase time="0.0210000000000008" classname="tradeoff_plot" name="test_that_tradeoff_plot_returns_a_ggplot_object_when_CI_is_calculated"/>
    <testcase time="0.0169999999999995" classname="tradeoff_plot" name="test_that_tradeoff_plot_returns_a_ggplot_object_when_CI_is_calculated"/>
    <testcase time="0.0199999999999996" classname="tradeoff_plot" name="test_that_tradeoff_plot_returns_a_ggplot_object_when_CI_is_calculated"/>
    <testcase time="0.0180000000000007" classname="tradeoff_plot" name="test_that_tradeoff_plot_returns_a_ggplot_object_when_CI_is_calculated"/>
    <testcase time="0.0250000000000004" classname="tradeoff_plot" name="test_that_tradeoff_plot_returns_a_ggplot_object_when_CI_is_calculated"/>
    <testcase time="0.0179999999999989" classname="tradeoff_plot" name="test_that_tradeoff_plot_returns_a_ggplot_object_when_CI_is_calculated"/>
    <testcase time="0.0200000000000014" classname="tradeoff_plot" name="test_that_tradeoff_plot_returns_a_ggplot_object_when_CI_is_calculated"/>
    <testcase time="0.0179999999999989" classname="tradeoff_plot" name="test_that_tradeoff_plot_returns_a_ggplot_object_when_CI_is_calculated"/>
    <testcase time="0.0259999999999998" classname="tradeoff_plot" name="test_that_tradeoff_plot_returns_a_ggplot_object_when_CI_is_calculated"/>
    <testcase time="0.0229999999999997" classname="tradeoff_plot" name="test_that_tradeoff_plot_returns_a_ggplot_object_when_CI_is_calculated"/>
    <testcase time="0.0190000000000001" classname="tradeoff_plot" name="test_that_tradeoff_plot_returns_a_ggplot_object_when_CI_is_calculated"/>
    <testcase time="0.0190000000000001" classname="tradeoff_plot" name="test_that_tradeoff_plot_returns_a_ggplot_object_when_CI_is_calculated"/>
    <testcase time="0.0190000000000001" classname="tradeoff_plot" name="test_that_tradeoff_plot_returns_a_ggplot_object_when_CI_is_calculated"/>
    <testcase time="0.0240000000000009" classname="tradeoff_plot" name="test_that_tradeoff_plot_returns_a_ggplot_object_when_CI_is_calculated"/>
    <testcase time="0.0190000000000001" classname="tradeoff_plot" name="test_that_tradeoff_plot_returns_a_ggplot_object_when_CI_is_calculated"/>
    <testcase time="0.0289999999999999" classname="tradeoff_plot" name="test_that_tradeoff_plot_returns_a_ggplot_object_when_CI_is_calculated"/>
    <testcase time="0.0169999999999995" classname="tradeoff_plot" name="test_that_tradeoff_plot_returns_a_ggplot_object_when_CI_is_calculated"/>
    <testcase time="0.0169999999999995" classname="tradeoff_plot" name="test_that_tradeoff_plot_returns_a_ggplot_object_when_CI_is_calculated"/>
    <testcase time="0.0180000000000007" classname="tradeoff_plot" name="test_that_tradeoff_plot_returns_a_ggplot_object_when_CI_is_calculated"/>
    <testcase time="0.0169999999999995" classname="tradeoff_plot" name="test_that_tradeoff_plot_returns_a_ggplot_object_when_CI_is_calculated"/>
    <testcase time="0.0170000000000012" classname="tradeoff_plot" name="test_that_tradeoff_plot_returns_a_ggplot_object_when_CI_is_calculated"/>
    <testcase time="0.00899999999999856" classname="tradeoff_plot" name="test_that_tradeoff_plot_returns_a_ggplot_object_when_CI_is_calculated"/>
    <testcase time="0.0470000000000006" classname="tradeoff_plot" name="test_that_tradeoff_plot_returns_a_ggplot_object_for_subgroup_data"/>
    <testcase time="0.0359999999999996" classname="tradeoff_plot" name="test_that_tradeoff_plot_returns_a_ggplot_object_for_subgroup_data"/>
    <testcase time="0.0400000000000009" classname="tradeoff_plot" name="test_that_tradeoff_plot_returns_a_ggplot_object_for_subgroup_data"/>
    <testcase time="0.0220000000000002" classname="tradeoff_plot" name="test_that_tradeoff_plot_returns_a_ggplot_object_for_subgroup_data"/>
    <testcase time="0.0169999999999995" classname="tradeoff_plot" name="test_that_tradeoff_plot_returns_a_ggplot_object_for_subgroup_data"/>
    <testcase time="0.020999999999999" classname="tradeoff_plot" name="test_that_tradeoff_plot_returns_a_ggplot_object_for_subgroup_data"/>
    <testcase time="0.0170000000000012" classname="tradeoff_plot" name="test_that_tradeoff_plot_returns_a_ggplot_object_for_subgroup_data"/>
    <testcase time="0.0250000000000004" classname="tradeoff_plot" name="test_that_tradeoff_plot_returns_a_ggplot_object_for_subgroup_data"/>
    <testcase time="0.0179999999999989" classname="tradeoff_plot" name="test_that_tradeoff_plot_returns_a_ggplot_object_for_subgroup_data"/>
    <testcase time="0.0199999999999996" classname="tradeoff_plot" name="test_that_tradeoff_plot_returns_a_ggplot_object_for_subgroup_data"/>
    <testcase time="0.0180000000000007" classname="tradeoff_plot" name="test_that_tradeoff_plot_returns_a_ggplot_object_for_subgroup_data"/>
    <testcase time="0.0259999999999998" classname="tradeoff_plot" name="test_that_tradeoff_plot_returns_a_ggplot_object_for_subgroup_data"/>
    <testcase time="0.0229999999999997" classname="tradeoff_plot" name="test_that_tradeoff_plot_returns_a_ggplot_object_for_subgroup_data"/>
    <testcase time="0.0190000000000001" classname="tradeoff_plot" name="test_that_tradeoff_plot_returns_a_ggplot_object_for_subgroup_data"/>
    <testcase time="0.0190000000000001" classname="tradeoff_plot" name="test_that_tradeoff_plot_returns_a_ggplot_object_for_subgroup_data"/>
    <testcase time="0.0250000000000004" classname="tradeoff_plot" name="test_that_tradeoff_plot_returns_a_ggplot_object_for_subgroup_data"/>
    <testcase time="0.0190000000000001" classname="tradeoff_plot" name="test_that_tradeoff_plot_returns_a_ggplot_object_for_subgroup_data"/>
    <testcase time="0.0190000000000001" classname="tradeoff_plot" name="test_that_tradeoff_plot_returns_a_ggplot_object_for_subgroup_data"/>
    <testcase time="0.0289999999999999" classname="tradeoff_plot" name="test_that_tradeoff_plot_returns_a_ggplot_object_for_subgroup_data"/>
    <testcase time="0.0169999999999995" classname="tradeoff_plot" name="test_that_tradeoff_plot_returns_a_ggplot_object_for_subgroup_data"/>
    <testcase time="0.0180000000000007" classname="tradeoff_plot" name="test_that_tradeoff_plot_returns_a_ggplot_object_for_subgroup_data"/>
    <testcase time="0.0169999999999995" classname="tradeoff_plot" name="test_that_tradeoff_plot_returns_a_ggplot_object_for_subgroup_data"/>
    <testcase time="0.0180000000000007" classname="tradeoff_plot" name="test_that_tradeoff_plot_returns_a_ggplot_object_for_subgroup_data"/>
    <testcase time="0.0169999999999995" classname="tradeoff_plot" name="test_that_tradeoff_plot_returns_a_ggplot_object_for_subgroup_data"/>
    <testcase time="0.00900000000000034" classname="tradeoff_plot" name="test_that_tradeoff_plot_returns_a_ggplot_object_for_subgroup_data"/>
    <testcase time="0.048" classname="tradeoff_plot" name="test_that_tradeoff_plot_throws_an_error_when_a_required_field_is_missing"/>
    <testcase time="0.0380000000000003" classname="tradeoff_plot" name="test_that_tradeoff_plot_throws_an_error_when_a_required_field_is_missing"/>
    <testcase time="0.0119999999999987" classname="tradeoff_plot" name="test_that_tradeoff_plot_throws_an_error_when_a_required_field_is_missing"/>
    <testcase time="0.0420000000000016" classname="tradeoff_plot" name="test_that_tradeoff_plot_throws_an_error_when_data_is_not_of_required_type"/>
    <testcase time="0.0389999999999997" classname="tradeoff_plot" name="test_that_tradeoff_plot_throws_an_error_when_data_is_not_of_required_type"/>
    <testcase time="0.0179999999999989" classname="tradeoff_plot" name="test_that_tradeoff_plot_throws_an_error_when_data_is_not_of_required_type"/>
    <testcase time="0.0419999999999998" classname="tradeoff_plot" name="test_that_tradeoff_plot_throws_an_error_when_data_is_out_of_required_range"/>
    <testcase time="0.0380000000000003" classname="tradeoff_plot" name="test_that_tradeoff_plot_throws_an_error_when_data_is_out_of_required_range"/>
    <testcase time="0.0140000000000011" classname="tradeoff_plot" name="test_that_tradeoff_plot_throws_an_error_when_data_is_out_of_required_range"/>
  </testsuite>
</testsuites>
