<?xml version="1.0" encoding="UTF-8"?>
<testsuites>
  <testsuite name="ci_calculation" timestamp="2024-07-15T04:02:39Z" hostname="b31b4941597c" tests="7" skipped="0" failures="0" errors="0" time="0.193">
    <testcase time="0.097" classname="ci_calculation" name="calculate_diff_bin_function_test_Test_for_deriving_mean_difference_and_associated_confidence_intervals_for_binary_outcomes"/>
    <testcase time="0.0250000000000001" classname="ci_calculation" name="calculate_log_rel_risk_bin_Test_for_deriving_log_relative_risk_and_associated_confidence_intervals_"/>
    <testcase time="0.0209999999999999" classname="ci_calculation" name="calculate_rel_risk_bin_Test_for_deriving_relative_risk_and_associated_confidence_intervals_"/>
    <testcase time="0.012" classname="ci_calculation" name="calculate_log_odds_ratio_bin_Test_for_deriving_log_odds_ratio_and_associated_confidence_intervals_"/>
    <testcase time="0.0130000000000001" classname="ci_calculation" name="calculate_odds_ratio_bin_Test_for_deriving_odds_ratio_and_associated_confidence_intervals_"/>
    <testcase time="0.0129999999999999" classname="ci_calculation" name="calculate_diff_con_function_test_Test_for_deriving_mean_difference_and_associated_confidence_intervals_for_continuous_outcomes"/>
    <testcase time="0.012" classname="ci_calculation" name="calculate_diff_rates_function_test_Test_for_deriving_mean_difference_and_associated_confidence_intervals_for_exposure_adjusted_rates"/>
  </testsuite>
  <testsuite name="cumulative_excess_plot" timestamp="2024-07-15T04:02:40Z" hostname="b31b4941597c" tests="124" skipped="0" failures="0" errors="0" time="3.429">
    <testcase time="0.266" classname="cumulative_excess_plot" name="gensurv_table_will_ouput_a_ggplot_object"/>
    <testcase time="0.0389999999999999" classname="cumulative_excess_plot" name="gensurv_table_will_ouput_a_ggplot_object"/>
    <testcase time="0.024" classname="cumulative_excess_plot" name="gensurv_table_will_ouput_a_ggplot_object"/>
    <testcase time="0.0170000000000001" classname="cumulative_excess_plot" name="gensurv_table_will_ouput_a_ggplot_object"/>
    <testcase time="0.0169999999999999" classname="cumulative_excess_plot" name="gensurv_table_will_ouput_a_ggplot_object"/>
    <testcase time="0.0169999999999999" classname="cumulative_excess_plot" name="gensurv_table_will_ouput_a_ggplot_object"/>
    <testcase time="0.0170000000000001" classname="cumulative_excess_plot" name="gensurv_table_will_ouput_a_ggplot_object"/>
    <testcase time="0.018" classname="cumulative_excess_plot" name="gensurv_table_will_ouput_a_ggplot_object"/>
    <testcase time="0.00499999999999989" classname="cumulative_excess_plot" name="gensurv_table_will_ouput_a_ggplot_object"/>
    <testcase time="0.0089999999999999" classname="cumulative_excess_plot" name="gensurv_table_expects_an_error_when_df_table_is_missing_required_variables"/>
    <testcase time="0.00900000000000012" classname="cumulative_excess_plot" name="gensurv_table_expects_an_error_when_df_table_has_misnamed_variables"/>
    <testcase time="0.036" classname="cumulative_excess_plot" name="gensurv_table_will_return_a_custom_warning_message_concerning_missing_data"/>
    <testcase time="0.0239999999999998" classname="cumulative_excess_plot" name="gensurv_table_will_return_a_custom_warning_message_concerning_missing_data"/>
    <testcase time="0.0170000000000001" classname="cumulative_excess_plot" name="gensurv_table_will_return_a_custom_warning_message_concerning_missing_data"/>
    <testcase time="0.0169999999999999" classname="cumulative_excess_plot" name="gensurv_table_will_return_a_custom_warning_message_concerning_missing_data"/>
    <testcase time="0.016" classname="cumulative_excess_plot" name="gensurv_table_will_return_a_custom_warning_message_concerning_missing_data"/>
    <testcase time="0.0310000000000001" classname="cumulative_excess_plot" name="gensurv_table_will_return_a_custom_warning_message_concerning_missing_data"/>
    <testcase time="0.0169999999999999" classname="cumulative_excess_plot" name="gensurv_table_will_return_a_custom_warning_message_concerning_missing_data"/>
    <testcase time="0.0170000000000001" classname="cumulative_excess_plot" name="gensurv_table_will_return_a_custom_warning_message_concerning_missing_data"/>
    <testcase time="0.004" classname="cumulative_excess_plot" name="gensurv_table_will_return_a_custom_warning_message_concerning_missing_data"/>
    <testcase time="0.0089999999999999" classname="cumulative_excess_plot" name="gensurv_table_will_return_a_visible_object_with_missing_data"/>
    <testcase time="0.0229999999999999" classname="cumulative_excess_plot" name="gensurv_table_will_return_a_visible_object_with_missing_data"/>
    <testcase time="0.0230000000000001" classname="cumulative_excess_plot" name="gensurv_table_will_return_a_visible_object_with_missing_data"/>
    <testcase time="0.0209999999999999" classname="cumulative_excess_plot" name="gensurv_table_will_return_a_visible_object_with_missing_data"/>
    <testcase time="0.0169999999999999" classname="cumulative_excess_plot" name="gensurv_table_will_return_a_visible_object_with_missing_data"/>
    <testcase time="0.0170000000000003" classname="cumulative_excess_plot" name="gensurv_table_will_return_a_visible_object_with_missing_data"/>
    <testcase time="0.0169999999999999" classname="cumulative_excess_plot" name="gensurv_table_will_return_a_visible_object_with_missing_data"/>
    <testcase time="0.0169999999999999" classname="cumulative_excess_plot" name="gensurv_table_will_return_a_visible_object_with_missing_data"/>
    <testcase time="0.016" classname="cumulative_excess_plot" name="gensurv_table_will_return_a_visible_object_with_missing_data"/>
    <testcase time="0.00300000000000011" classname="cumulative_excess_plot" name="gensurv_table_will_return_a_visible_object_with_missing_data"/>
    <testcase time="0.0469999999999997" classname="cumulative_excess_plot" name="gensurv_plot_will_ouput_a_visible_object"/>
    <testcase time="0.0210000000000004" classname="cumulative_excess_plot" name="gensurv_plot_will_ouput_a_visible_object"/>
    <testcase time="0.0169999999999999" classname="cumulative_excess_plot" name="gensurv_plot_will_ouput_a_visible_object"/>
    <testcase time="0.0169999999999999" classname="cumulative_excess_plot" name="gensurv_plot_will_ouput_a_visible_object"/>
    <testcase time="0.016" classname="cumulative_excess_plot" name="gensurv_plot_will_ouput_a_visible_object"/>
    <testcase time="0.0209999999999999" classname="cumulative_excess_plot" name="gensurv_plot_will_ouput_a_visible_object"/>
    <testcase time="0.0169999999999999" classname="cumulative_excess_plot" name="gensurv_plot_will_ouput_a_visible_object"/>
    <testcase time="0.0170000000000003" classname="cumulative_excess_plot" name="gensurv_plot_will_ouput_a_visible_object"/>
    <testcase time="0.0179999999999998" classname="cumulative_excess_plot" name="gensurv_plot_will_ouput_a_visible_object"/>
    <testcase time="0.00200000000000022" classname="cumulative_excess_plot" name="gensurv_plot_will_ouput_a_visible_object"/>
    <testcase time="0.0089999999999999" classname="cumulative_excess_plot" name="gensurv_plot_expects_an_error_when_df_outcome_is_missing_required_variables"/>
    <testcase time="0.00800000000000001" classname="cumulative_excess_plot" name="gensurv_plot_expects_an_error_when_df_outcome_has_misnamed_variables"/>
    <testcase time="0.044" classname="cumulative_excess_plot" name="gensurv_plot_will_return_a_custom_warning_concerning_missing_data"/>
    <testcase time="0.0209999999999999" classname="cumulative_excess_plot" name="gensurv_plot_will_return_a_custom_warning_concerning_missing_data"/>
    <testcase time="0.016" classname="cumulative_excess_plot" name="gensurv_plot_will_return_a_custom_warning_concerning_missing_data"/>
    <testcase time="0.0169999999999999" classname="cumulative_excess_plot" name="gensurv_plot_will_return_a_custom_warning_concerning_missing_data"/>
    <testcase time="0.0169999999999999" classname="cumulative_excess_plot" name="gensurv_plot_will_return_a_custom_warning_concerning_missing_data"/>
    <testcase time="0.016" classname="cumulative_excess_plot" name="gensurv_plot_will_return_a_custom_warning_concerning_missing_data"/>
    <testcase time="0.0209999999999999" classname="cumulative_excess_plot" name="gensurv_plot_will_return_a_custom_warning_concerning_missing_data"/>
    <testcase time="0.0170000000000003" classname="cumulative_excess_plot" name="gensurv_plot_will_return_a_custom_warning_concerning_missing_data"/>
    <testcase time="0.0179999999999998" classname="cumulative_excess_plot" name="gensurv_plot_will_return_a_custom_warning_concerning_missing_data"/>
    <testcase time="0.00300000000000011" classname="cumulative_excess_plot" name="gensurv_plot_will_return_a_custom_warning_concerning_missing_data"/>
    <testcase time="0.0089999999999999" classname="cumulative_excess_plot" name="gensurv_plot_will_return_a_visible_object_with_missing_data"/>
    <testcase time="0.032" classname="cumulative_excess_plot" name="gensurv_plot_will_return_a_visible_object_with_missing_data"/>
    <testcase time="0.024" classname="cumulative_excess_plot" name="gensurv_plot_will_return_a_visible_object_with_missing_data"/>
    <testcase time="0.0169999999999999" classname="cumulative_excess_plot" name="gensurv_plot_will_return_a_visible_object_with_missing_data"/>
    <testcase time="0.0169999999999999" classname="cumulative_excess_plot" name="gensurv_plot_will_return_a_visible_object_with_missing_data"/>
    <testcase time="0.016" classname="cumulative_excess_plot" name="gensurv_plot_will_return_a_visible_object_with_missing_data"/>
    <testcase time="0.0170000000000003" classname="cumulative_excess_plot" name="gensurv_plot_will_return_a_visible_object_with_missing_data"/>
    <testcase time="0.016" classname="cumulative_excess_plot" name="gensurv_plot_will_return_a_visible_object_with_missing_data"/>
    <testcase time="0.02" classname="cumulative_excess_plot" name="gensurv_plot_will_return_a_visible_object_with_missing_data"/>
    <testcase time="0.0189999999999997" classname="cumulative_excess_plot" name="gensurv_plot_will_return_a_visible_object_with_missing_data"/>
    <testcase time="0.00200000000000022" classname="cumulative_excess_plot" name="gensurv_plot_will_return_a_visible_object_with_missing_data"/>
    <testcase time="0.0389999999999997" classname="cumulative_excess_plot" name="gensurv_combined_will_output_a_visible_object"/>
    <testcase time="0.0230000000000001" classname="cumulative_excess_plot" name="gensurv_combined_will_output_a_visible_object"/>
    <testcase time="0.0169999999999999" classname="cumulative_excess_plot" name="gensurv_combined_will_output_a_visible_object"/>
    <testcase time="0.0230000000000001" classname="cumulative_excess_plot" name="gensurv_combined_will_output_a_visible_object"/>
    <testcase time="0.0180000000000002" classname="cumulative_excess_plot" name="gensurv_combined_will_output_a_visible_object"/>
    <testcase time="0.0169999999999999" classname="cumulative_excess_plot" name="gensurv_combined_will_output_a_visible_object"/>
    <testcase time="0.0179999999999998" classname="cumulative_excess_plot" name="gensurv_combined_will_output_a_visible_object"/>
    <testcase time="0.0169999999999999" classname="cumulative_excess_plot" name="gensurv_combined_will_output_a_visible_object"/>
    <testcase time="0.0190000000000001" classname="cumulative_excess_plot" name="gensurv_combined_will_output_a_visible_object"/>
    <testcase time="0.032" classname="cumulative_excess_plot" name="gensurv_combined_will_output_a_visible_object"/>
    <testcase time="0.0230000000000001" classname="cumulative_excess_plot" name="gensurv_combined_will_output_a_visible_object"/>
    <testcase time="0.0169999999999999" classname="cumulative_excess_plot" name="gensurv_combined_will_output_a_visible_object"/>
    <testcase time="0.0179999999999998" classname="cumulative_excess_plot" name="gensurv_combined_will_output_a_visible_object"/>
    <testcase time="0.0170000000000003" classname="cumulative_excess_plot" name="gensurv_combined_will_output_a_visible_object"/>
    <testcase time="0.0219999999999998" classname="cumulative_excess_plot" name="gensurv_combined_will_output_a_visible_object"/>
    <testcase time="0.0180000000000002" classname="cumulative_excess_plot" name="gensurv_combined_will_output_a_visible_object"/>
    <testcase time="0.0169999999999999" classname="cumulative_excess_plot" name="gensurv_combined_will_output_a_visible_object"/>
    <testcase time="0.319" classname="cumulative_excess_plot" name="gensurv_combined_will_output_a_visible_object"/>
    <testcase time="0.00800000000000001" classname="cumulative_excess_plot" name="gensurv_combined_expects_an_error_when_df_table_and_df_plot_are_missing_required_variables"/>
    <testcase time="0.00800000000000001" classname="cumulative_excess_plot" name="gensurv_table_expects_an_error_when_df_table_and_df_plot_have_misnamed_variables"/>
    <testcase time="0.0419999999999998" classname="cumulative_excess_plot" name="gensurv_combined_will_return_a_custom_warning_concerning_missing_data"/>
    <testcase time="0.0260000000000002" classname="cumulative_excess_plot" name="gensurv_combined_will_return_a_custom_warning_concerning_missing_data"/>
    <testcase time="0.0179999999999998" classname="cumulative_excess_plot" name="gensurv_combined_will_return_a_custom_warning_concerning_missing_data"/>
    <testcase time="0.0190000000000001" classname="cumulative_excess_plot" name="gensurv_combined_will_return_a_custom_warning_concerning_missing_data"/>
    <testcase time="0.0169999999999999" classname="cumulative_excess_plot" name="gensurv_combined_will_return_a_custom_warning_concerning_missing_data"/>
    <testcase time="0.0180000000000002" classname="cumulative_excess_plot" name="gensurv_combined_will_return_a_custom_warning_concerning_missing_data"/>
    <testcase time="0.0209999999999999" classname="cumulative_excess_plot" name="gensurv_combined_will_return_a_custom_warning_concerning_missing_data"/>
    <testcase time="0.0179999999999998" classname="cumulative_excess_plot" name="gensurv_combined_will_return_a_custom_warning_concerning_missing_data"/>
    <testcase time="0.0190000000000001" classname="cumulative_excess_plot" name="gensurv_combined_will_return_a_custom_warning_concerning_missing_data"/>
    <testcase time="0.00800000000000001" classname="cumulative_excess_plot" name="gensurv_combined_will_return_a_custom_warning_concerning_missing_data"/>
    <testcase time="0.024" classname="cumulative_excess_plot" name="gensurv_combined_will_return_a_custom_warning_concerning_missing_data"/>
    <testcase time="0.024" classname="cumulative_excess_plot" name="gensurv_combined_will_return_a_custom_warning_concerning_missing_data"/>
    <testcase time="0.0219999999999998" classname="cumulative_excess_plot" name="gensurv_combined_will_return_a_custom_warning_concerning_missing_data"/>
    <testcase time="0.0170000000000003" classname="cumulative_excess_plot" name="gensurv_combined_will_return_a_custom_warning_concerning_missing_data"/>
    <testcase time="0.0179999999999998" classname="cumulative_excess_plot" name="gensurv_combined_will_return_a_custom_warning_concerning_missing_data"/>
    <testcase time="0.0169999999999999" classname="cumulative_excess_plot" name="gensurv_combined_will_return_a_custom_warning_concerning_missing_data"/>
    <testcase time="0.0180000000000002" classname="cumulative_excess_plot" name="gensurv_combined_will_return_a_custom_warning_concerning_missing_data"/>
    <testcase time="0.0209999999999999" classname="cumulative_excess_plot" name="gensurv_combined_will_return_a_custom_warning_concerning_missing_data"/>
    <testcase time="0.248" classname="cumulative_excess_plot" name="gensurv_combined_will_return_a_custom_warning_concerning_missing_data"/>
    <testcase time="0.108" classname="cumulative_excess_plot" name="gensurv_combined_will_return_a_custom_warning_concerning_missing_data"/>
    <testcase time="0.0350000000000001" classname="cumulative_excess_plot" name="gensurv_combined_will_return_a_visible_object_with_missing_data"/>
    <testcase time="0.0359999999999996" classname="cumulative_excess_plot" name="gensurv_combined_will_return_a_visible_object_with_missing_data"/>
    <testcase time="0.0230000000000006" classname="cumulative_excess_plot" name="gensurv_combined_will_return_a_visible_object_with_missing_data"/>
    <testcase time="0.0179999999999998" classname="cumulative_excess_plot" name="gensurv_combined_will_return_a_visible_object_with_missing_data"/>
    <testcase time="0.0179999999999998" classname="cumulative_excess_plot" name="gensurv_combined_will_return_a_visible_object_with_missing_data"/>
    <testcase time="0.024" classname="cumulative_excess_plot" name="gensurv_combined_will_return_a_visible_object_with_missing_data"/>
    <testcase time="0.0179999999999998" classname="cumulative_excess_plot" name="gensurv_combined_will_return_a_visible_object_with_missing_data"/>
    <testcase time="0.0180000000000007" classname="cumulative_excess_plot" name="gensurv_combined_will_return_a_visible_object_with_missing_data"/>
    <testcase time="0.0179999999999998" classname="cumulative_excess_plot" name="gensurv_combined_will_return_a_visible_object_with_missing_data"/>
    <testcase time="0.0199999999999996" classname="cumulative_excess_plot" name="gensurv_combined_will_return_a_visible_object_with_missing_data"/>
    <testcase time="0.00800000000000001" classname="cumulative_excess_plot" name="gensurv_combined_will_return_a_visible_object_with_missing_data"/>
    <testcase time="0.0300000000000002" classname="cumulative_excess_plot" name="gensurv_combined_will_return_a_visible_object_with_missing_data"/>
    <testcase time="0.0250000000000004" classname="cumulative_excess_plot" name="gensurv_combined_will_return_a_visible_object_with_missing_data"/>
    <testcase time="0.0169999999999995" classname="cumulative_excess_plot" name="gensurv_combined_will_return_a_visible_object_with_missing_data"/>
    <testcase time="0.0180000000000007" classname="cumulative_excess_plot" name="gensurv_combined_will_return_a_visible_object_with_missing_data"/>
    <testcase time="0.024" classname="cumulative_excess_plot" name="gensurv_combined_will_return_a_visible_object_with_missing_data"/>
    <testcase time="0.0179999999999998" classname="cumulative_excess_plot" name="gensurv_combined_will_return_a_visible_object_with_missing_data"/>
    <testcase time="0.0179999999999998" classname="cumulative_excess_plot" name="gensurv_combined_will_return_a_visible_object_with_missing_data"/>
    <testcase time="0.0179999999999998" classname="cumulative_excess_plot" name="gensurv_combined_will_return_a_visible_object_with_missing_data"/>
    <testcase time="0.128" classname="cumulative_excess_plot" name="gensurv_combined_will_return_a_visible_object_with_missing_data"/>
    <testcase time="0.115" classname="cumulative_excess_plot" name="gensurv_combined_will_return_a_visible_object_with_missing_data"/>
  </testsuite>
  <testsuite name="pyramid_chart" timestamp="2024-07-15T04:02:43Z" hostname="b31b4941597c" tests="52" skipped="0" failures="0" errors="0" time="1.073">
    <testcase time="0.0499999999999998" classname="pyramid_chart" name="pyramid_chart_returns_a_ggplot_object"/>
    <testcase time="0.0170000000000003" classname="pyramid_chart" name="pyramid_chart_returns_a_ggplot_object"/>
    <testcase time="0.0170000000000003" classname="pyramid_chart" name="pyramid_chart_returns_a_ggplot_object"/>
    <testcase time="0.0229999999999997" classname="pyramid_chart" name="pyramid_chart_returns_a_ggplot_object"/>
    <testcase time="0.0170000000000003" classname="pyramid_chart" name="pyramid_chart_returns_a_ggplot_object"/>
    <testcase time="0.0169999999999995" classname="pyramid_chart" name="pyramid_chart_returns_a_ggplot_object"/>
    <testcase time="0.0310000000000006" classname="pyramid_chart" name="pyramid_chart_returns_a_ggplot_object"/>
    <testcase time="0.0220000000000002" classname="pyramid_chart" name="pyramid_chart_returns_a_ggplot_object"/>
    <testcase time="0.0169999999999995" classname="pyramid_chart" name="pyramid_chart_returns_a_ggplot_object"/>
    <testcase time="0.0170000000000003" classname="pyramid_chart" name="pyramid_chart_returns_a_ggplot_object"/>
    <testcase time="0.0169999999999995" classname="pyramid_chart" name="pyramid_chart_returns_a_ggplot_object"/>
    <testcase time="0.0180000000000007" classname="pyramid_chart" name="pyramid_chart_returns_a_ggplot_object"/>
    <testcase time="0.0129999999999999" classname="pyramid_chart" name="pyramid_chart_returns_a_ggplot_object"/>
    <testcase time="0.04" classname="pyramid_chart" name="pyramid_chart_handles_missing_data_correctly"/>
    <testcase time="0.0169999999999995" classname="pyramid_chart" name="pyramid_chart_handles_missing_data_correctly"/>
    <testcase time="0.0180000000000007" classname="pyramid_chart" name="pyramid_chart_handles_missing_data_correctly"/>
    <testcase time="0.016" classname="pyramid_chart" name="pyramid_chart_handles_missing_data_correctly"/>
    <testcase time="0.0229999999999997" classname="pyramid_chart" name="pyramid_chart_handles_missing_data_correctly"/>
    <testcase time="0.0169999999999995" classname="pyramid_chart" name="pyramid_chart_handles_missing_data_correctly"/>
    <testcase time="0.0310000000000006" classname="pyramid_chart" name="pyramid_chart_handles_missing_data_correctly"/>
    <testcase time="0.0190000000000001" classname="pyramid_chart" name="pyramid_chart_handles_missing_data_correctly"/>
    <testcase time="0.0209999999999999" classname="pyramid_chart" name="pyramid_chart_handles_missing_data_correctly"/>
    <testcase time="0.0190000000000001" classname="pyramid_chart" name="pyramid_chart_handles_missing_data_correctly"/>
    <testcase time="0.0169999999999995" classname="pyramid_chart" name="pyramid_chart_handles_missing_data_correctly"/>
    <testcase time="0.0179999999999998" classname="pyramid_chart" name="pyramid_chart_handles_missing_data_correctly"/>
    <testcase time="0.0130000000000008" classname="pyramid_chart" name="pyramid_chart_handles_missing_data_correctly"/>
    <testcase time="0.04" classname="pyramid_chart" name="pyramid_chart_handles_different_input_types_correctly"/>
    <testcase time="0.0169999999999995" classname="pyramid_chart" name="pyramid_chart_handles_different_input_types_correctly"/>
    <testcase time="0.0179999999999998" classname="pyramid_chart" name="pyramid_chart_handles_different_input_types_correctly"/>
    <testcase time="0.0170000000000003" classname="pyramid_chart" name="pyramid_chart_handles_different_input_types_correctly"/>
    <testcase time="0.0170000000000003" classname="pyramid_chart" name="pyramid_chart_handles_different_input_types_correctly"/>
    <testcase time="0.0219999999999994" classname="pyramid_chart" name="pyramid_chart_handles_different_input_types_correctly"/>
    <testcase time="0.0310000000000006" classname="pyramid_chart" name="pyramid_chart_handles_different_input_types_correctly"/>
    <testcase time="0.0169999999999995" classname="pyramid_chart" name="pyramid_chart_handles_different_input_types_correctly"/>
    <testcase time="0.0170000000000003" classname="pyramid_chart" name="pyramid_chart_handles_different_input_types_correctly"/>
    <testcase time="0.0220000000000002" classname="pyramid_chart" name="pyramid_chart_handles_different_input_types_correctly"/>
    <testcase time="0.0179999999999998" classname="pyramid_chart" name="pyramid_chart_handles_different_input_types_correctly"/>
    <testcase time="0.0169999999999995" classname="pyramid_chart" name="pyramid_chart_handles_different_input_types_correctly"/>
    <testcase time="0.0130000000000008" classname="pyramid_chart" name="pyramid_chart_handles_different_input_types_correctly"/>
    <testcase time="0.0309999999999997" classname="pyramid_chart" name="pyramid_chart_handles_different_input_types_correctly"/>
    <testcase time="0.0229999999999997" classname="pyramid_chart" name="pyramid_chart_handles_different_input_types_correctly"/>
    <testcase time="0.0170000000000003" classname="pyramid_chart" name="pyramid_chart_handles_different_input_types_correctly"/>
    <testcase time="0.0170000000000003" classname="pyramid_chart" name="pyramid_chart_handles_different_input_types_correctly"/>
    <testcase time="0.0169999999999995" classname="pyramid_chart" name="pyramid_chart_handles_different_input_types_correctly"/>
    <testcase time="0.0170000000000003" classname="pyramid_chart" name="pyramid_chart_handles_different_input_types_correctly"/>
    <testcase time="0.0359999999999996" classname="pyramid_chart" name="pyramid_chart_handles_different_input_types_correctly"/>
    <testcase time="0.0170000000000003" classname="pyramid_chart" name="pyramid_chart_handles_different_input_types_correctly"/>
    <testcase time="0.0169999999999995" classname="pyramid_chart" name="pyramid_chart_handles_different_input_types_correctly"/>
    <testcase time="0.0170000000000003" classname="pyramid_chart" name="pyramid_chart_handles_different_input_types_correctly"/>
    <testcase time="0.0229999999999997" classname="pyramid_chart" name="pyramid_chart_handles_different_input_types_correctly"/>
    <testcase time="0.0170000000000003" classname="pyramid_chart" name="pyramid_chart_handles_different_input_types_correctly"/>
    <testcase time="0.0129999999999999" classname="pyramid_chart" name="pyramid_chart_handles_different_input_types_correctly"/>
  </testsuite>
  <testsuite name="scatterplot" timestamp="2024-07-15T04:02:44Z" hostname="b31b4941597c" tests="39" skipped="0" failures="0" errors="0" time="0.762">
    <testcase time="0.032" classname="scatterplot" name="scatter_plot_will_ouput_a_ggplot_object"/>
    <testcase time="0.0250000000000004" classname="scatterplot" name="scatter_plot_will_ouput_a_ggplot_object"/>
    <testcase time="0.0199999999999996" classname="scatterplot" name="scatter_plot_will_ouput_a_ggplot_object"/>
    <testcase time="0.0220000000000002" classname="scatterplot" name="scatter_plot_will_ouput_a_ggplot_object"/>
    <testcase time="0.0179999999999998" classname="scatterplot" name="scatter_plot_will_ouput_a_ggplot_object"/>
    <testcase time="0.0170000000000003" classname="scatterplot" name="scatter_plot_will_ouput_a_ggplot_object"/>
    <testcase time="0.0219999999999994" classname="scatterplot" name="scatter_plot_will_ouput_a_ggplot_object"/>
    <testcase time="0.0180000000000007" classname="scatterplot" name="scatter_plot_will_ouput_a_ggplot_object"/>
    <testcase time="0.0169999999999995" classname="scatterplot" name="scatter_plot_will_ouput_a_ggplot_object"/>
    <testcase time="0.0170000000000003" classname="scatterplot" name="scatter_plot_will_ouput_a_ggplot_object"/>
    <testcase time="0.024" classname="scatterplot" name="scatter_plot_will_ouput_a_ggplot_object"/>
    <testcase time="0.0119999999999996" classname="scatterplot" name="scatter_plot_will_ouput_a_ggplot_object"/>
    <testcase time="0.00800000000000001" classname="scatterplot" name="scatter_plot_expects_an_error_when_df_diff_is_missing_required_vector_s_"/>
    <testcase time="0.00700000000000056" classname="scatterplot" name="scatter_plot_expects_an_error_when_df_diff_has_two_identical_vectors_of_incremental_probabilities"/>
    <testcase time="0.032" classname="scatterplot" name="scatter_plot_will_return_a_custom_warning_message_concerning_missing_data"/>
    <testcase time="0.0190000000000001" classname="scatterplot" name="scatter_plot_will_return_a_custom_warning_message_concerning_missing_data"/>
    <testcase time="0.0369999999999999" classname="scatterplot" name="scatter_plot_will_return_a_custom_warning_message_concerning_missing_data"/>
    <testcase time="0.0219999999999994" classname="scatterplot" name="scatter_plot_will_return_a_custom_warning_message_concerning_missing_data"/>
    <testcase time="0.0170000000000003" classname="scatterplot" name="scatter_plot_will_return_a_custom_warning_message_concerning_missing_data"/>
    <testcase time="0.0170000000000003" classname="scatterplot" name="scatter_plot_will_return_a_custom_warning_message_concerning_missing_data"/>
    <testcase time="0.0219999999999994" classname="scatterplot" name="scatter_plot_will_return_a_custom_warning_message_concerning_missing_data"/>
    <testcase time="0.0190000000000001" classname="scatterplot" name="scatter_plot_will_return_a_custom_warning_message_concerning_missing_data"/>
    <testcase time="0.0170000000000003" classname="scatterplot" name="scatter_plot_will_return_a_custom_warning_message_concerning_missing_data"/>
    <testcase time="0.0169999999999995" classname="scatterplot" name="scatter_plot_will_return_a_custom_warning_message_concerning_missing_data"/>
    <testcase time="0.0190000000000001" classname="scatterplot" name="scatter_plot_will_return_a_custom_warning_message_concerning_missing_data"/>
    <testcase time="0.00900000000000034" classname="scatterplot" name="scatter_plot_will_return_a_custom_warning_message_concerning_missing_data"/>
    <testcase time="0.0129999999999999" classname="scatterplot" name="scatter_plot_will_return_a_visible_object_with_missing_data"/>
    <testcase time="0.0289999999999999" classname="scatterplot" name="scatter_plot_will_return_a_visible_object_with_missing_data"/>
    <testcase time="0.0190000000000001" classname="scatterplot" name="scatter_plot_will_return_a_visible_object_with_missing_data"/>
    <testcase time="0.0209999999999999" classname="scatterplot" name="scatter_plot_will_return_a_visible_object_with_missing_data"/>
    <testcase time="0.0229999999999997" classname="scatterplot" name="scatter_plot_will_return_a_visible_object_with_missing_data"/>
    <testcase time="0.0260000000000007" classname="scatterplot" name="scatter_plot_will_return_a_visible_object_with_missing_data"/>
    <testcase time="0.0189999999999992" classname="scatterplot" name="scatter_plot_will_return_a_visible_object_with_missing_data"/>
    <testcase time="0.0170000000000003" classname="scatterplot" name="scatter_plot_will_return_a_visible_object_with_missing_data"/>
    <testcase time="0.0179999999999998" classname="scatterplot" name="scatter_plot_will_return_a_visible_object_with_missing_data"/>
    <testcase time="0.0209999999999999" classname="scatterplot" name="scatter_plot_will_return_a_visible_object_with_missing_data"/>
    <testcase time="0.0220000000000002" classname="scatterplot" name="scatter_plot_will_return_a_visible_object_with_missing_data"/>
    <testcase time="0.0179999999999998" classname="scatterplot" name="scatter_plot_will_return_a_visible_object_with_missing_data"/>
    <testcase time="0.0100000000000007" classname="scatterplot" name="scatter_plot_will_return_a_visible_object_with_missing_data"/>
    <testcase time="0.856999999999999" classname="character(0)" name="_unnamed_"/>
    <testcase time="0.729000000000001" classname="character(0)" name="_unnamed_"/>
  </testsuite>
  <testsuite name="stacked_barchart" timestamp="2024-07-15T04:02:46Z" hostname="b31b4941597c" tests="11" skipped="0" failures="0" errors="0" time="1.752">
    <testcase time="0.00799999999999912" classname="stacked_barchart" name="test_that_stacked_barchart_returns_an_error_when_a_required_field_is_missing"/>
    <testcase time="0.0500000000000007" classname="stacked_barchart" name="test_that_stacked_barchart_returns_warning_message_concerning_missing_data"/>
    <testcase time="0.0169999999999995" classname="stacked_barchart" name="test_that_stacked_barchart_returns_warning_message_concerning_missing_data"/>
    <testcase time="0.0210000000000008" classname="stacked_barchart" name="test_that_stacked_barchart_returns_warning_message_concerning_missing_data"/>
    <testcase time="0.016" classname="stacked_barchart" name="test_that_stacked_barchart_returns_warning_message_concerning_missing_data"/>
    <testcase time="0.0169999999999995" classname="stacked_barchart" name="test_that_stacked_barchart_returns_warning_message_concerning_missing_data"/>
    <testcase time="0.0169999999999995" classname="stacked_barchart" name="test_that_stacked_barchart_returns_warning_message_concerning_missing_data"/>
    <testcase time="0.0170000000000012" classname="stacked_barchart" name="test_that_stacked_barchart_returns_warning_message_concerning_missing_data"/>
    <testcase time="0.00299999999999834" classname="stacked_barchart" name="test_that_stacked_barchart_returns_warning_message_concerning_missing_data"/>
  </testsuite>
  <testsuite name="tradeoff_plot" timestamp="2024-07-15T04:02:46Z" hostname="b31b4941597c" tests="109" skipped="0" failures="0" errors="0" time="2.704">
    <testcase time="0.163" classname="tradeoff_plot" name="test_that_tradeoff_plot_returns_a_ggplot_object_when_benefit_risk_trade_off_threshold_is_a_straight_line"/>
    <testcase time="0.0360000000000014" classname="tradeoff_plot" name="test_that_tradeoff_plot_returns_a_ggplot_object_when_benefit_risk_trade_off_threshold_is_a_straight_line"/>
    <testcase time="0.0409999999999986" classname="tradeoff_plot" name="test_that_tradeoff_plot_returns_a_ggplot_object_when_benefit_risk_trade_off_threshold_is_a_straight_line"/>
    <testcase time="0.0200000000000014" classname="tradeoff_plot" name="test_that_tradeoff_plot_returns_a_ggplot_object_when_benefit_risk_trade_off_threshold_is_a_straight_line"/>
    <testcase time="0.0169999999999995" classname="tradeoff_plot" name="test_that_tradeoff_plot_returns_a_ggplot_object_when_benefit_risk_trade_off_threshold_is_a_straight_line"/>
    <testcase time="0.0239999999999991" classname="tradeoff_plot" name="test_that_tradeoff_plot_returns_a_ggplot_object_when_benefit_risk_trade_off_threshold_is_a_straight_line"/>
    <testcase time="0.0170000000000012" classname="tradeoff_plot" name="test_that_tradeoff_plot_returns_a_ggplot_object_when_benefit_risk_trade_off_threshold_is_a_straight_line"/>
    <testcase time="0.0190000000000001" classname="tradeoff_plot" name="test_that_tradeoff_plot_returns_a_ggplot_object_when_benefit_risk_trade_off_threshold_is_a_straight_line"/>
    <testcase time="0.0169999999999995" classname="tradeoff_plot" name="test_that_tradeoff_plot_returns_a_ggplot_object_when_benefit_risk_trade_off_threshold_is_a_straight_line"/>
    <testcase time="0.0229999999999997" classname="tradeoff_plot" name="test_that_tradeoff_plot_returns_a_ggplot_object_when_benefit_risk_trade_off_threshold_is_a_straight_line"/>
    <testcase time="0.0169999999999995" classname="tradeoff_plot" name="test_that_tradeoff_plot_returns_a_ggplot_object_when_benefit_risk_trade_off_threshold_is_a_straight_line"/>
    <testcase time="0.0220000000000002" classname="tradeoff_plot" name="test_that_tradeoff_plot_returns_a_ggplot_object_when_benefit_risk_trade_off_threshold_is_a_straight_line"/>
    <testcase time="0.0199999999999996" classname="tradeoff_plot" name="test_that_tradeoff_plot_returns_a_ggplot_object_when_benefit_risk_trade_off_threshold_is_a_straight_line"/>
    <testcase time="0.0220000000000002" classname="tradeoff_plot" name="test_that_tradeoff_plot_returns_a_ggplot_object_when_benefit_risk_trade_off_threshold_is_a_straight_line"/>
    <testcase time="0.0210000000000008" classname="tradeoff_plot" name="test_that_tradeoff_plot_returns_a_ggplot_object_when_benefit_risk_trade_off_threshold_is_a_straight_line"/>
    <testcase time="0.0190000000000001" classname="tradeoff_plot" name="test_that_tradeoff_plot_returns_a_ggplot_object_when_benefit_risk_trade_off_threshold_is_a_straight_line"/>
    <testcase time="0.0179999999999989" classname="tradeoff_plot" name="test_that_tradeoff_plot_returns_a_ggplot_object_when_benefit_risk_trade_off_threshold_is_a_straight_line"/>
    <testcase time="0.0190000000000001" classname="tradeoff_plot" name="test_that_tradeoff_plot_returns_a_ggplot_object_when_benefit_risk_trade_off_threshold_is_a_straight_line"/>
    <testcase time="0.032" classname="tradeoff_plot" name="test_that_tradeoff_plot_returns_a_ggplot_object_when_benefit_risk_trade_off_threshold_is_a_straight_line"/>
    <testcase time="0.0169999999999995" classname="tradeoff_plot" name="test_that_tradeoff_plot_returns_a_ggplot_object_when_benefit_risk_trade_off_threshold_is_a_straight_line"/>
    <testcase time="0.0210000000000008" classname="tradeoff_plot" name="test_that_tradeoff_plot_returns_a_ggplot_object_when_benefit_risk_trade_off_threshold_is_a_straight_line"/>
    <testcase time="0.0179999999999989" classname="tradeoff_plot" name="test_that_tradeoff_plot_returns_a_ggplot_object_when_benefit_risk_trade_off_threshold_is_a_straight_line"/>
    <testcase time="0.0210000000000008" classname="tradeoff_plot" name="test_that_tradeoff_plot_returns_a_ggplot_object_when_benefit_risk_trade_off_threshold_is_a_straight_line"/>
    <testcase time="0.0169999999999995" classname="tradeoff_plot" name="test_that_tradeoff_plot_returns_a_ggplot_object_when_benefit_risk_trade_off_threshold_is_a_straight_line"/>
    <testcase time="0.00900000000000034" classname="tradeoff_plot" name="test_that_tradeoff_plot_returns_a_ggplot_object_when_benefit_risk_trade_off_threshold_is_a_straight_line"/>
    <testcase time="0.048" classname="tradeoff_plot" name="test_that_tradeoff_plot_returns_a_ggplot_object_when_benefit_risk_trade_off_threshold_is_a_smooth_curve"/>
    <testcase time="0.036999999999999" classname="tradeoff_plot" name="test_that_tradeoff_plot_returns_a_ggplot_object_when_benefit_risk_trade_off_threshold_is_a_smooth_curve"/>
    <testcase time="0.0370000000000008" classname="tradeoff_plot" name="test_that_tradeoff_plot_returns_a_ggplot_object_when_benefit_risk_trade_off_threshold_is_a_smooth_curve"/>
    <testcase time="0.0239999999999991" classname="tradeoff_plot" name="test_that_tradeoff_plot_returns_a_ggplot_object_when_benefit_risk_trade_off_threshold_is_a_smooth_curve"/>
    <testcase time="0.0180000000000007" classname="tradeoff_plot" name="test_that_tradeoff_plot_returns_a_ggplot_object_when_benefit_risk_trade_off_threshold_is_a_smooth_curve"/>
    <testcase time="0.0190000000000001" classname="tradeoff_plot" name="test_that_tradeoff_plot_returns_a_ggplot_object_when_benefit_risk_trade_off_threshold_is_a_smooth_curve"/>
    <testcase time="0.0180000000000007" classname="tradeoff_plot" name="test_that_tradeoff_plot_returns_a_ggplot_object_when_benefit_risk_trade_off_threshold_is_a_smooth_curve"/>
    <testcase time="0.0239999999999991" classname="tradeoff_plot" name="test_that_tradeoff_plot_returns_a_ggplot_object_when_benefit_risk_trade_off_threshold_is_a_smooth_curve"/>
    <testcase time="0.0169999999999995" classname="tradeoff_plot" name="test_that_tradeoff_plot_returns_a_ggplot_object_when_benefit_risk_trade_off_threshold_is_a_smooth_curve"/>
    <testcase time="0.0240000000000009" classname="tradeoff_plot" name="test_that_tradeoff_plot_returns_a_ggplot_object_when_benefit_risk_trade_off_threshold_is_a_smooth_curve"/>
    <testcase time="0.0199999999999996" classname="tradeoff_plot" name="test_that_tradeoff_plot_returns_a_ggplot_object_when_benefit_risk_trade_off_threshold_is_a_smooth_curve"/>
    <testcase time="0.0350000000000001" classname="tradeoff_plot" name="test_that_tradeoff_plot_returns_a_ggplot_object_when_benefit_risk_trade_off_threshold_is_a_smooth_curve"/>
    <testcase time="0.0239999999999991" classname="tradeoff_plot" name="test_that_tradeoff_plot_returns_a_ggplot_object_when_benefit_risk_trade_off_threshold_is_a_smooth_curve"/>
    <testcase time="0.0210000000000008" classname="tradeoff_plot" name="test_that_tradeoff_plot_returns_a_ggplot_object_when_benefit_risk_trade_off_threshold_is_a_smooth_curve"/>
    <testcase time="0.0250000000000004" classname="tradeoff_plot" name="test_that_tradeoff_plot_returns_a_ggplot_object_when_benefit_risk_trade_off_threshold_is_a_smooth_curve"/>
    <testcase time="0.0199999999999996" classname="tradeoff_plot" name="test_that_tradeoff_plot_returns_a_ggplot_object_when_benefit_risk_trade_off_threshold_is_a_smooth_curve"/>
    <testcase time="0.0199999999999996" classname="tradeoff_plot" name="test_that_tradeoff_plot_returns_a_ggplot_object_when_benefit_risk_trade_off_threshold_is_a_smooth_curve"/>
    <testcase time="0.0250000000000004" classname="tradeoff_plot" name="test_that_tradeoff_plot_returns_a_ggplot_object_when_benefit_risk_trade_off_threshold_is_a_smooth_curve"/>
    <testcase time="0.0359999999999996" classname="tradeoff_plot" name="test_that_tradeoff_plot_returns_a_ggplot_object_when_benefit_risk_trade_off_threshold_is_a_smooth_curve"/>
    <testcase time="0.0170000000000012" classname="tradeoff_plot" name="test_that_tradeoff_plot_returns_a_ggplot_object_when_benefit_risk_trade_off_threshold_is_a_smooth_curve"/>
    <testcase time="0.0190000000000001" classname="tradeoff_plot" name="test_that_tradeoff_plot_returns_a_ggplot_object_when_benefit_risk_trade_off_threshold_is_a_smooth_curve"/>
    <testcase time="0.0179999999999989" classname="tradeoff_plot" name="test_that_tradeoff_plot_returns_a_ggplot_object_when_benefit_risk_trade_off_threshold_is_a_smooth_curve"/>
    <testcase time="0.0210000000000008" classname="tradeoff_plot" name="test_that_tradeoff_plot_returns_a_ggplot_object_when_benefit_risk_trade_off_threshold_is_a_smooth_curve"/>
    <testcase time="0.0179999999999989" classname="tradeoff_plot" name="test_that_tradeoff_plot_returns_a_ggplot_object_when_benefit_risk_trade_off_threshold_is_a_smooth_curve"/>
    <testcase time="0.00900000000000034" classname="tradeoff_plot" name="test_that_tradeoff_plot_returns_a_ggplot_object_when_benefit_risk_trade_off_threshold_is_a_smooth_curve"/>
    <testcase time="0.043000000000001" classname="tradeoff_plot" name="test_that_tradeoff_plot_returns_a_ggplot_object_when_CI_is_calculated"/>
    <testcase time="0.0419999999999998" classname="tradeoff_plot" name="test_that_tradeoff_plot_returns_a_ggplot_object_when_CI_is_calculated"/>
    <testcase time="0.0409999999999986" classname="tradeoff_plot" name="test_that_tradeoff_plot_returns_a_ggplot_object_when_CI_is_calculated"/>
    <testcase time="0.0260000000000016" classname="tradeoff_plot" name="test_that_tradeoff_plot_returns_a_ggplot_object_when_CI_is_calculated"/>
    <testcase time="0.0189999999999984" classname="tradeoff_plot" name="test_that_tradeoff_plot_returns_a_ggplot_object_when_CI_is_calculated"/>
    <testcase time="0.0200000000000014" classname="tradeoff_plot" name="test_that_tradeoff_plot_returns_a_ggplot_object_when_CI_is_calculated"/>
    <testcase time="0.0190000000000001" classname="tradeoff_plot" name="test_that_tradeoff_plot_returns_a_ggplot_object_when_CI_is_calculated"/>
    <testcase time="0.0239999999999991" classname="tradeoff_plot" name="test_that_tradeoff_plot_returns_a_ggplot_object_when_CI_is_calculated"/>
    <testcase time="0.0180000000000007" classname="tradeoff_plot" name="test_that_tradeoff_plot_returns_a_ggplot_object_when_CI_is_calculated"/>
    <testcase time="0.0220000000000002" classname="tradeoff_plot" name="test_that_tradeoff_plot_returns_a_ggplot_object_when_CI_is_calculated"/>
    <testcase time="0.0179999999999989" classname="tradeoff_plot" name="test_that_tradeoff_plot_returns_a_ggplot_object_when_CI_is_calculated"/>
    <testcase time="0.0300000000000011" classname="tradeoff_plot" name="test_that_tradeoff_plot_returns_a_ggplot_object_when_CI_is_calculated"/>
    <testcase time="0.0229999999999997" classname="tradeoff_plot" name="test_that_tradeoff_plot_returns_a_ggplot_object_when_CI_is_calculated"/>
    <testcase time="0.0190000000000001" classname="tradeoff_plot" name="test_that_tradeoff_plot_returns_a_ggplot_object_when_CI_is_calculated"/>
    <testcase time="0.0229999999999997" classname="tradeoff_plot" name="test_that_tradeoff_plot_returns_a_ggplot_object_when_CI_is_calculated"/>
    <testcase time="0.0199999999999996" classname="tradeoff_plot" name="test_that_tradeoff_plot_returns_a_ggplot_object_when_CI_is_calculated"/>
    <testcase time="0.0180000000000007" classname="tradeoff_plot" name="test_that_tradeoff_plot_returns_a_ggplot_object_when_CI_is_calculated"/>
    <testcase time="0.0190000000000001" classname="tradeoff_plot" name="test_that_tradeoff_plot_returns_a_ggplot_object_when_CI_is_calculated"/>
    <testcase time="0.0329999999999995" classname="tradeoff_plot" name="test_that_tradeoff_plot_returns_a_ggplot_object_when_CI_is_calculated"/>
    <testcase time="0.016" classname="tradeoff_plot" name="test_that_tradeoff_plot_returns_a_ggplot_object_when_CI_is_calculated"/>
    <testcase time="0.0169999999999995" classname="tradeoff_plot" name="test_that_tradeoff_plot_returns_a_ggplot_object_when_CI_is_calculated"/>
    <testcase time="0.0170000000000012" classname="tradeoff_plot" name="test_that_tradeoff_plot_returns_a_ggplot_object_when_CI_is_calculated"/>
    <testcase time="0.020999999999999" classname="tradeoff_plot" name="test_that_tradeoff_plot_returns_a_ggplot_object_when_CI_is_calculated"/>
    <testcase time="0.016" classname="tradeoff_plot" name="test_that_tradeoff_plot_returns_a_ggplot_object_when_CI_is_calculated"/>
    <testcase time="0.00900000000000034" classname="tradeoff_plot" name="test_that_tradeoff_plot_returns_a_ggplot_object_when_CI_is_calculated"/>
    <testcase time="0.0449999999999999" classname="tradeoff_plot" name="test_that_tradeoff_plot_returns_a_ggplot_object_for_subgroup_data"/>
    <testcase time="0.0370000000000008" classname="tradeoff_plot" name="test_that_tradeoff_plot_returns_a_ggplot_object_for_subgroup_data"/>
    <testcase time="0.0449999999999999" classname="tradeoff_plot" name="test_that_tradeoff_plot_returns_a_ggplot_object_for_subgroup_data"/>
    <testcase time="0.0219999999999985" classname="tradeoff_plot" name="test_that_tradeoff_plot_returns_a_ggplot_object_for_subgroup_data"/>
    <testcase time="0.0170000000000012" classname="tradeoff_plot" name="test_that_tradeoff_plot_returns_a_ggplot_object_for_subgroup_data"/>
    <testcase time="0.020999999999999" classname="tradeoff_plot" name="test_that_tradeoff_plot_returns_a_ggplot_object_for_subgroup_data"/>
    <testcase time="0.0210000000000008" classname="tradeoff_plot" name="test_that_tradeoff_plot_returns_a_ggplot_object_for_subgroup_data"/>
    <testcase time="0.0190000000000001" classname="tradeoff_plot" name="test_that_tradeoff_plot_returns_a_ggplot_object_for_subgroup_data"/>
    <testcase time="0.0169999999999995" classname="tradeoff_plot" name="test_that_tradeoff_plot_returns_a_ggplot_object_for_subgroup_data"/>
    <testcase time="0.0199999999999996" classname="tradeoff_plot" name="test_that_tradeoff_plot_returns_a_ggplot_object_for_subgroup_data"/>
    <testcase time="0.0200000000000014" classname="tradeoff_plot" name="test_that_tradeoff_plot_returns_a_ggplot_object_for_subgroup_data"/>
    <testcase time="0.0239999999999991" classname="tradeoff_plot" name="test_that_tradeoff_plot_returns_a_ggplot_object_for_subgroup_data"/>
    <testcase time="0.0220000000000002" classname="tradeoff_plot" name="test_that_tradeoff_plot_returns_a_ggplot_object_for_subgroup_data"/>
    <testcase time="0.0239999999999991" classname="tradeoff_plot" name="test_that_tradeoff_plot_returns_a_ggplot_object_for_subgroup_data"/>
    <testcase time="0.0200000000000014" classname="tradeoff_plot" name="test_that_tradeoff_plot_returns_a_ggplot_object_for_subgroup_data"/>
    <testcase time="0.0190000000000001" classname="tradeoff_plot" name="test_that_tradeoff_plot_returns_a_ggplot_object_for_subgroup_data"/>
    <testcase time="0.0199999999999996" classname="tradeoff_plot" name="test_that_tradeoff_plot_returns_a_ggplot_object_for_subgroup_data"/>
    <testcase time="0.0220000000000002" classname="tradeoff_plot" name="test_that_tradeoff_plot_returns_a_ggplot_object_for_subgroup_data"/>
    <testcase time="0.0289999999999999" classname="tradeoff_plot" name="test_that_tradeoff_plot_returns_a_ggplot_object_for_subgroup_data"/>
    <testcase time="0.0169999999999995" classname="tradeoff_plot" name="test_that_tradeoff_plot_returns_a_ggplot_object_for_subgroup_data"/>
    <testcase time="0.0220000000000002" classname="tradeoff_plot" name="test_that_tradeoff_plot_returns_a_ggplot_object_for_subgroup_data"/>
    <testcase time="0.0169999999999995" classname="tradeoff_plot" name="test_that_tradeoff_plot_returns_a_ggplot_object_for_subgroup_data"/>
    <testcase time="0.0169999999999995" classname="tradeoff_plot" name="test_that_tradeoff_plot_returns_a_ggplot_object_for_subgroup_data"/>
    <testcase time="0.0170000000000012" classname="tradeoff_plot" name="test_that_tradeoff_plot_returns_a_ggplot_object_for_subgroup_data"/>
    <testcase time="0.00900000000000034" classname="tradeoff_plot" name="test_that_tradeoff_plot_returns_a_ggplot_object_for_subgroup_data"/>
    <testcase time="0.0559999999999992" classname="tradeoff_plot" name="test_that_tradeoff_plot_throws_an_error_when_a_required_field_is_missing"/>
    <testcase time="0.0410000000000004" classname="tradeoff_plot" name="test_that_tradeoff_plot_throws_an_error_when_a_required_field_is_missing"/>
    <testcase time="0.0109999999999992" classname="tradeoff_plot" name="test_that_tradeoff_plot_throws_an_error_when_a_required_field_is_missing"/>
    <testcase time="0.0419999999999998" classname="tradeoff_plot" name="test_that_tradeoff_plot_throws_an_error_when_data_is_not_of_required_type"/>
    <testcase time="0.0400000000000009" classname="tradeoff_plot" name="test_that_tradeoff_plot_throws_an_error_when_data_is_not_of_required_type"/>
    <testcase time="0.0139999999999993" classname="tradeoff_plot" name="test_that_tradeoff_plot_throws_an_error_when_data_is_not_of_required_type"/>
    <testcase time="0.0490000000000013" classname="tradeoff_plot" name="test_that_tradeoff_plot_throws_an_error_when_data_is_out_of_required_range"/>
    <testcase time="0.036999999999999" classname="tradeoff_plot" name="test_that_tradeoff_plot_throws_an_error_when_data_is_out_of_required_range"/>
    <testcase time="0.0139999999999993" classname="tradeoff_plot" name="test_that_tradeoff_plot_throws_an_error_when_data_is_out_of_required_range"/>
  </testsuite>
</testsuites>
